[2024-03-30T22:11:48.102+0000] {processor.py:154} INFO - Started process (PID=3132) to work on /opt/airflow/dags/subdags/subdag_transforms.py
[2024-03-30T22:11:48.103+0000] {processor.py:756} INFO - Processing file /opt/airflow/dags/subdags/subdag_transforms.py for tasks to queue
[2024-03-30T22:11:48.104+0000] {logging_mixin.py:120} INFO - [2024-03-30T22:11:48.104+0000] {dagbag.py:537} INFO - Filling up the DagBag from /opt/airflow/dags/subdags/subdag_transforms.py
[2024-03-30T22:11:48.111+0000] {processor.py:768} WARNING - No viable dags retrieved from /opt/airflow/dags/subdags/subdag_transforms.py
[2024-03-30T22:11:48.123+0000] {processor.py:176} INFO - Processing /opt/airflow/dags/subdags/subdag_transforms.py took 0.024 seconds
[2024-03-30T22:12:18.534+0000] {processor.py:154} INFO - Started process (PID=3167) to work on /opt/airflow/dags/subdags/subdag_transforms.py
[2024-03-30T22:12:18.534+0000] {processor.py:756} INFO - Processing file /opt/airflow/dags/subdags/subdag_transforms.py for tasks to queue
[2024-03-30T22:12:18.535+0000] {logging_mixin.py:120} INFO - [2024-03-30T22:12:18.535+0000] {dagbag.py:537} INFO - Filling up the DagBag from /opt/airflow/dags/subdags/subdag_transforms.py
[2024-03-30T22:12:18.538+0000] {processor.py:768} WARNING - No viable dags retrieved from /opt/airflow/dags/subdags/subdag_transforms.py
[2024-03-30T22:12:18.547+0000] {processor.py:176} INFO - Processing /opt/airflow/dags/subdags/subdag_transforms.py took 0.015 seconds
[2024-03-30T22:12:21.581+0000] {processor.py:154} INFO - Started process (PID=3169) to work on /opt/airflow/dags/subdags/subdag_transforms.py
[2024-03-30T22:12:21.583+0000] {processor.py:756} INFO - Processing file /opt/airflow/dags/subdags/subdag_transforms.py for tasks to queue
[2024-03-30T22:12:21.583+0000] {logging_mixin.py:120} INFO - [2024-03-30T22:12:21.583+0000] {dagbag.py:537} INFO - Filling up the DagBag from /opt/airflow/dags/subdags/subdag_transforms.py
[2024-03-30T22:12:21.593+0000] {processor.py:768} WARNING - No viable dags retrieved from /opt/airflow/dags/subdags/subdag_transforms.py
[2024-03-30T22:12:21.606+0000] {processor.py:176} INFO - Processing /opt/airflow/dags/subdags/subdag_transforms.py took 0.029 seconds
[2024-03-30T22:12:52.055+0000] {processor.py:154} INFO - Started process (PID=3211) to work on /opt/airflow/dags/subdags/subdag_transforms.py
[2024-03-30T22:12:52.057+0000] {processor.py:756} INFO - Processing file /opt/airflow/dags/subdags/subdag_transforms.py for tasks to queue
[2024-03-30T22:12:52.058+0000] {logging_mixin.py:120} INFO - [2024-03-30T22:12:52.058+0000] {dagbag.py:537} INFO - Filling up the DagBag from /opt/airflow/dags/subdags/subdag_transforms.py
[2024-03-30T22:12:52.065+0000] {processor.py:768} WARNING - No viable dags retrieved from /opt/airflow/dags/subdags/subdag_transforms.py
[2024-03-30T22:12:52.077+0000] {processor.py:176} INFO - Processing /opt/airflow/dags/subdags/subdag_transforms.py took 0.025 seconds
[2024-03-30T22:13:22.534+0000] {processor.py:154} INFO - Started process (PID=3245) to work on /opt/airflow/dags/subdags/subdag_transforms.py
[2024-03-30T22:13:22.535+0000] {processor.py:756} INFO - Processing file /opt/airflow/dags/subdags/subdag_transforms.py for tasks to queue
[2024-03-30T22:13:22.536+0000] {logging_mixin.py:120} INFO - [2024-03-30T22:13:22.536+0000] {dagbag.py:537} INFO - Filling up the DagBag from /opt/airflow/dags/subdags/subdag_transforms.py
[2024-03-30T22:13:22.548+0000] {processor.py:768} WARNING - No viable dags retrieved from /opt/airflow/dags/subdags/subdag_transforms.py
[2024-03-30T22:13:22.563+0000] {processor.py:176} INFO - Processing /opt/airflow/dags/subdags/subdag_transforms.py took 0.033 seconds
[2024-03-30T22:13:53.008+0000] {processor.py:154} INFO - Started process (PID=3281) to work on /opt/airflow/dags/subdags/subdag_transforms.py
[2024-03-30T22:13:53.009+0000] {processor.py:756} INFO - Processing file /opt/airflow/dags/subdags/subdag_transforms.py for tasks to queue
[2024-03-30T22:13:53.010+0000] {logging_mixin.py:120} INFO - [2024-03-30T22:13:53.009+0000] {dagbag.py:537} INFO - Filling up the DagBag from /opt/airflow/dags/subdags/subdag_transforms.py
[2024-03-30T22:13:53.017+0000] {processor.py:768} WARNING - No viable dags retrieved from /opt/airflow/dags/subdags/subdag_transforms.py
[2024-03-30T22:13:53.027+0000] {processor.py:176} INFO - Processing /opt/airflow/dags/subdags/subdag_transforms.py took 0.023 seconds
[2024-03-30T22:14:23.732+0000] {processor.py:154} INFO - Started process (PID=3317) to work on /opt/airflow/dags/subdags/subdag_transforms.py
[2024-03-30T22:14:23.743+0000] {processor.py:756} INFO - Processing file /opt/airflow/dags/subdags/subdag_transforms.py for tasks to queue
[2024-03-30T22:14:23.751+0000] {logging_mixin.py:120} INFO - [2024-03-30T22:14:23.750+0000] {dagbag.py:537} INFO - Filling up the DagBag from /opt/airflow/dags/subdags/subdag_transforms.py
[2024-03-30T22:14:23.771+0000] {processor.py:768} WARNING - No viable dags retrieved from /opt/airflow/dags/subdags/subdag_transforms.py
[2024-03-30T22:14:23.788+0000] {processor.py:176} INFO - Processing /opt/airflow/dags/subdags/subdag_transforms.py took 0.063 seconds
[2024-03-30T22:14:54.213+0000] {processor.py:154} INFO - Started process (PID=3343) to work on /opt/airflow/dags/subdags/subdag_transforms.py
[2024-03-30T22:14:54.214+0000] {processor.py:756} INFO - Processing file /opt/airflow/dags/subdags/subdag_transforms.py for tasks to queue
[2024-03-30T22:14:54.214+0000] {logging_mixin.py:120} INFO - [2024-03-30T22:14:54.214+0000] {dagbag.py:537} INFO - Filling up the DagBag from /opt/airflow/dags/subdags/subdag_transforms.py
[2024-03-30T22:14:54.218+0000] {processor.py:768} WARNING - No viable dags retrieved from /opt/airflow/dags/subdags/subdag_transforms.py
[2024-03-30T22:14:54.224+0000] {processor.py:176} INFO - Processing /opt/airflow/dags/subdags/subdag_transforms.py took 0.014 seconds
[2024-03-30T22:15:24.789+0000] {processor.py:154} INFO - Started process (PID=3378) to work on /opt/airflow/dags/subdags/subdag_transforms.py
[2024-03-30T22:15:24.790+0000] {processor.py:756} INFO - Processing file /opt/airflow/dags/subdags/subdag_transforms.py for tasks to queue
[2024-03-30T22:15:24.790+0000] {logging_mixin.py:120} INFO - [2024-03-30T22:15:24.790+0000] {dagbag.py:537} INFO - Filling up the DagBag from /opt/airflow/dags/subdags/subdag_transforms.py
[2024-03-30T22:15:24.794+0000] {processor.py:768} WARNING - No viable dags retrieved from /opt/airflow/dags/subdags/subdag_transforms.py
[2024-03-30T22:15:24.802+0000] {processor.py:176} INFO - Processing /opt/airflow/dags/subdags/subdag_transforms.py took 0.015 seconds
[2024-03-30T22:15:55.305+0000] {processor.py:154} INFO - Started process (PID=3412) to work on /opt/airflow/dags/subdags/subdag_transforms.py
[2024-03-30T22:15:55.306+0000] {processor.py:756} INFO - Processing file /opt/airflow/dags/subdags/subdag_transforms.py for tasks to queue
[2024-03-30T22:15:55.307+0000] {logging_mixin.py:120} INFO - [2024-03-30T22:15:55.307+0000] {dagbag.py:537} INFO - Filling up the DagBag from /opt/airflow/dags/subdags/subdag_transforms.py
[2024-03-30T22:15:55.312+0000] {processor.py:768} WARNING - No viable dags retrieved from /opt/airflow/dags/subdags/subdag_transforms.py
[2024-03-30T22:15:55.324+0000] {processor.py:176} INFO - Processing /opt/airflow/dags/subdags/subdag_transforms.py took 0.021 seconds
[2024-03-30T22:16:25.435+0000] {processor.py:154} INFO - Started process (PID=3446) to work on /opt/airflow/dags/subdags/subdag_transforms.py
[2024-03-30T22:16:25.436+0000] {processor.py:756} INFO - Processing file /opt/airflow/dags/subdags/subdag_transforms.py for tasks to queue
[2024-03-30T22:16:25.437+0000] {logging_mixin.py:120} INFO - [2024-03-30T22:16:25.437+0000] {dagbag.py:537} INFO - Filling up the DagBag from /opt/airflow/dags/subdags/subdag_transforms.py
[2024-03-30T22:16:25.445+0000] {processor.py:768} WARNING - No viable dags retrieved from /opt/airflow/dags/subdags/subdag_transforms.py
[2024-03-30T22:16:25.459+0000] {processor.py:176} INFO - Processing /opt/airflow/dags/subdags/subdag_transforms.py took 0.028 seconds
[2024-03-30T22:16:55.616+0000] {processor.py:154} INFO - Started process (PID=3481) to work on /opt/airflow/dags/subdags/subdag_transforms.py
[2024-03-30T22:16:55.617+0000] {processor.py:756} INFO - Processing file /opt/airflow/dags/subdags/subdag_transforms.py for tasks to queue
[2024-03-30T22:16:55.618+0000] {logging_mixin.py:120} INFO - [2024-03-30T22:16:55.618+0000] {dagbag.py:537} INFO - Filling up the DagBag from /opt/airflow/dags/subdags/subdag_transforms.py
[2024-03-30T22:16:55.621+0000] {processor.py:768} WARNING - No viable dags retrieved from /opt/airflow/dags/subdags/subdag_transforms.py
[2024-03-30T22:16:55.627+0000] {processor.py:176} INFO - Processing /opt/airflow/dags/subdags/subdag_transforms.py took 0.013 seconds
[2024-03-30T22:17:25.704+0000] {processor.py:154} INFO - Started process (PID=3516) to work on /opt/airflow/dags/subdags/subdag_transforms.py
[2024-03-30T22:17:25.705+0000] {processor.py:756} INFO - Processing file /opt/airflow/dags/subdags/subdag_transforms.py for tasks to queue
[2024-03-30T22:17:25.705+0000] {logging_mixin.py:120} INFO - [2024-03-30T22:17:25.705+0000] {dagbag.py:537} INFO - Filling up the DagBag from /opt/airflow/dags/subdags/subdag_transforms.py
[2024-03-30T22:17:25.710+0000] {processor.py:768} WARNING - No viable dags retrieved from /opt/airflow/dags/subdags/subdag_transforms.py
[2024-03-30T22:17:25.720+0000] {processor.py:176} INFO - Processing /opt/airflow/dags/subdags/subdag_transforms.py took 0.020 seconds
[2024-03-30T22:17:55.843+0000] {processor.py:154} INFO - Started process (PID=3542) to work on /opt/airflow/dags/subdags/subdag_transforms.py
[2024-03-30T22:17:55.845+0000] {processor.py:756} INFO - Processing file /opt/airflow/dags/subdags/subdag_transforms.py for tasks to queue
[2024-03-30T22:17:55.846+0000] {logging_mixin.py:120} INFO - [2024-03-30T22:17:55.846+0000] {dagbag.py:537} INFO - Filling up the DagBag from /opt/airflow/dags/subdags/subdag_transforms.py
[2024-03-30T22:17:55.853+0000] {processor.py:768} WARNING - No viable dags retrieved from /opt/airflow/dags/subdags/subdag_transforms.py
[2024-03-30T22:17:55.866+0000] {processor.py:176} INFO - Processing /opt/airflow/dags/subdags/subdag_transforms.py took 0.029 seconds
[2024-03-30T22:18:25.984+0000] {processor.py:154} INFO - Started process (PID=3576) to work on /opt/airflow/dags/subdags/subdag_transforms.py
[2024-03-30T22:18:25.986+0000] {processor.py:756} INFO - Processing file /opt/airflow/dags/subdags/subdag_transforms.py for tasks to queue
[2024-03-30T22:18:25.987+0000] {logging_mixin.py:120} INFO - [2024-03-30T22:18:25.987+0000] {dagbag.py:537} INFO - Filling up the DagBag from /opt/airflow/dags/subdags/subdag_transforms.py
[2024-03-30T22:18:25.996+0000] {processor.py:768} WARNING - No viable dags retrieved from /opt/airflow/dags/subdags/subdag_transforms.py
[2024-03-30T22:18:26.009+0000] {processor.py:176} INFO - Processing /opt/airflow/dags/subdags/subdag_transforms.py took 0.031 seconds
