[2024-03-28T00:00:03.401+0000] {taskinstance.py:1165} INFO - Dependencies all met for <TaskInstance: user_processing.extract_user scheduled__2024-03-27T00:00:00+00:00 [queued]>
[2024-03-28T00:00:03.407+0000] {taskinstance.py:1165} INFO - Dependencies all met for <TaskInstance: user_processing.extract_user scheduled__2024-03-27T00:00:00+00:00 [queued]>
[2024-03-28T00:00:03.407+0000] {taskinstance.py:1362} INFO - 
--------------------------------------------------------------------------------
[2024-03-28T00:00:03.407+0000] {taskinstance.py:1363} INFO - Starting attempt 1 of 1
[2024-03-28T00:00:03.407+0000] {taskinstance.py:1364} INFO - 
--------------------------------------------------------------------------------
[2024-03-28T00:00:03.413+0000] {taskinstance.py:1383} INFO - Executing <Task(SimpleHttpOperator): extract_user> on 2024-03-27 00:00:00+00:00
[2024-03-28T00:00:03.416+0000] {standard_task_runner.py:55} INFO - Started process 48299 to run task
[2024-03-28T00:00:03.418+0000] {standard_task_runner.py:82} INFO - Running: ['***', 'tasks', 'run', 'user_processing', 'extract_user', 'scheduled__2024-03-27T00:00:00+00:00', '--job-id', '63', '--raw', '--subdir', 'DAGS_FOLDER/user_processing.py', '--cfg-path', '/tmp/tmp6m7djknk']
[2024-03-28T00:00:03.419+0000] {standard_task_runner.py:83} INFO - Job 63: Subtask extract_user
[2024-03-28T00:00:03.456+0000] {task_command.py:376} INFO - Running <TaskInstance: user_processing.extract_user scheduled__2024-03-27T00:00:00+00:00 [running]> on host 2be32c994b3e
[2024-03-28T00:00:03.492+0000] {taskinstance.py:1592} INFO - Exporting the following env vars:
AIRFLOW_CTX_DAG_OWNER=***
AIRFLOW_CTX_DAG_ID=user_processing
AIRFLOW_CTX_TASK_ID=extract_user
AIRFLOW_CTX_EXECUTION_DATE=2024-03-27T00:00:00+00:00
AIRFLOW_CTX_TRY_NUMBER=1
AIRFLOW_CTX_DAG_RUN_ID=scheduled__2024-03-27T00:00:00+00:00
[2024-03-28T00:00:03.493+0000] {http.py:121} INFO - Calling HTTP method
[2024-03-28T00:00:03.497+0000] {base.py:71} INFO - Using connection ID 'user_api' for task execution.
[2024-03-28T00:00:03.498+0000] {http.py:148} INFO - Sending 'GET' to url: https://randomuser.me/api/
[2024-03-28T00:00:03.690+0000] {http.py:125} INFO - {"results":[{"gender":"male","name":{"title":"Mr","first":"Wenseslao","last":"Alemán"},"location":{"street":{"number":8121,"name":"Avenida Sur Guevara"},"city":"Morocoy","state":"Guanajuato","country":"Mexico","postcode":54112,"coordinates":{"latitude":"26.5024","longitude":"-36.8417"},"timezone":{"offset":"+3:30","description":"Tehran"}},"email":"wenseslao.aleman@example.com","login":{"uuid":"f09c1857-ae08-4bc0-90aa-4712b78c1452","username":"redostrich345","password":"1112","salt":"Q3aHTUcK","md5":"9ac7f5bf090f3805d4b6a47ac9c62114","sha1":"d11ba84e50d955c1f11e0c1d38f8f4a14b00d5a7","sha256":"1028e58c57426931937229655924312ce5a9f2daeddd55d9adaa476c5950b9f4"},"dob":{"date":"1970-06-03T15:13:04.753Z","age":53},"registered":{"date":"2004-06-05T23:32:48.255Z","age":19},"phone":"(674) 570 2316","cell":"(633) 185 0480","id":{"name":"NSS","value":"62 64 08 8260 2"},"picture":{"large":"https://randomuser.me/api/portraits/men/12.jpg","medium":"https://randomuser.me/api/portraits/med/men/12.jpg","thumbnail":"https://randomuser.me/api/portraits/thumb/men/12.jpg"},"nat":"MX"}],"info":{"seed":"af0d150cd9818a60","results":1,"page":1,"version":"1.4"}}
[2024-03-28T00:00:03.716+0000] {taskinstance.py:1406} INFO - Marking task as SUCCESS. dag_id=user_processing, task_id=extract_user, execution_date=20240327T000000, start_date=20240328T000003, end_date=20240328T000003
[2024-03-28T00:00:03.733+0000] {local_task_job.py:164} INFO - Task exited with return code 0
[2024-03-28T00:00:03.753+0000] {local_task_job.py:273} INFO - 1 downstream tasks scheduled from follow-on schedule check
