[2024-03-30T21:58:03.408+0000] {taskinstance.py:1165} INFO - Dependencies all met for <TaskInstance: group_dag.transform_a scheduled__2024-03-29T00:00:00+00:00 [queued]>
[2024-03-30T21:58:03.414+0000] {taskinstance.py:1165} INFO - Dependencies all met for <TaskInstance: group_dag.transform_a scheduled__2024-03-29T00:00:00+00:00 [queued]>
[2024-03-30T21:58:03.415+0000] {taskinstance.py:1362} INFO - 
--------------------------------------------------------------------------------
[2024-03-30T21:58:03.415+0000] {taskinstance.py:1363} INFO - Starting attempt 1 of 1
[2024-03-30T21:58:03.415+0000] {taskinstance.py:1364} INFO - 
--------------------------------------------------------------------------------
[2024-03-30T21:58:03.422+0000] {taskinstance.py:1383} INFO - Executing <Task(BashOperator): transform_a> on 2024-03-29 00:00:00+00:00
[2024-03-30T21:58:03.427+0000] {standard_task_runner.py:55} INFO - Started process 1889 to run task
[2024-03-30T21:58:03.429+0000] {standard_task_runner.py:82} INFO - Running: ['***', 'tasks', 'run', 'group_dag', 'transform_a', 'scheduled__2024-03-29T00:00:00+00:00', '--job-id', '97', '--raw', '--subdir', 'DAGS_FOLDER/group_dag.py', '--cfg-path', '/tmp/tmpnyfxyt15']
[2024-03-30T21:58:03.430+0000] {standard_task_runner.py:83} INFO - Job 97: Subtask transform_a
[2024-03-30T21:58:03.475+0000] {task_command.py:376} INFO - Running <TaskInstance: group_dag.transform_a scheduled__2024-03-29T00:00:00+00:00 [running]> on host 7068bcfece46
[2024-03-30T21:58:03.514+0000] {taskinstance.py:1592} INFO - Exporting the following env vars:
AIRFLOW_CTX_DAG_OWNER=***
AIRFLOW_CTX_DAG_ID=group_dag
AIRFLOW_CTX_TASK_ID=transform_a
AIRFLOW_CTX_EXECUTION_DATE=2024-03-29T00:00:00+00:00
AIRFLOW_CTX_TRY_NUMBER=1
AIRFLOW_CTX_DAG_RUN_ID=scheduled__2024-03-29T00:00:00+00:00
[2024-03-30T21:58:03.524+0000] {subprocess.py:63} INFO - Tmp dir root location: 
 /tmp
[2024-03-30T21:58:03.525+0000] {subprocess.py:75} INFO - Running command: ['/bin/bash', '-c', 'sleep 10']
[2024-03-30T21:58:03.533+0000] {subprocess.py:86} INFO - Output:
[2024-03-30T21:58:13.545+0000] {subprocess.py:97} INFO - Command exited with return code 0
[2024-03-30T21:58:13.802+0000] {taskinstance.py:1406} INFO - Marking task as SUCCESS. dag_id=group_dag, task_id=transform_a, execution_date=20240329T000000, start_date=20240330T215803, end_date=20240330T215813
[2024-03-30T21:58:13.995+0000] {local_task_job.py:164} INFO - Task exited with return code 0
[2024-03-30T21:58:14.017+0000] {local_task_job.py:273} INFO - 0 downstream tasks scheduled from follow-on schedule check
