[2024-03-30T22:12:28.569+0000] {taskinstance.py:1165} INFO - Dependencies all met for <TaskInstance: parallel_dag.extract_a manual__2024-03-30T22:12:28.045786+00:00 [queued]>
[2024-03-30T22:12:28.576+0000] {taskinstance.py:1165} INFO - Dependencies all met for <TaskInstance: parallel_dag.extract_a manual__2024-03-30T22:12:28.045786+00:00 [queued]>
[2024-03-30T22:12:28.576+0000] {taskinstance.py:1362} INFO - 
--------------------------------------------------------------------------------
[2024-03-30T22:12:28.577+0000] {taskinstance.py:1363} INFO - Starting attempt 1 of 1
[2024-03-30T22:12:28.577+0000] {taskinstance.py:1364} INFO - 
--------------------------------------------------------------------------------
[2024-03-30T22:12:28.584+0000] {taskinstance.py:1383} INFO - Executing <Task(BashOperator): extract_a> on 2024-03-30 22:12:28.045786+00:00
[2024-03-30T22:12:28.588+0000] {standard_task_runner.py:55} INFO - Started process 2630 to run task
[2024-03-30T22:12:28.590+0000] {standard_task_runner.py:82} INFO - Running: ['***', 'tasks', 'run', 'parallel_dag', 'extract_a', 'manual__2024-03-30T22:12:28.045786+00:00', '--job-id', '104', '--raw', '--subdir', 'DAGS_FOLDER/parallel_dag.py', '--cfg-path', '/tmp/tmpfwz3qv1n']
[2024-03-30T22:12:28.590+0000] {standard_task_runner.py:83} INFO - Job 104: Subtask extract_a
[2024-03-30T22:12:28.630+0000] {task_command.py:376} INFO - Running <TaskInstance: parallel_dag.extract_a manual__2024-03-30T22:12:28.045786+00:00 [running]> on host 7068bcfece46
[2024-03-30T22:12:28.670+0000] {taskinstance.py:1592} INFO - Exporting the following env vars:
AIRFLOW_CTX_DAG_OWNER=***
AIRFLOW_CTX_DAG_ID=parallel_dag
AIRFLOW_CTX_TASK_ID=extract_a
AIRFLOW_CTX_EXECUTION_DATE=2024-03-30T22:12:28.045786+00:00
AIRFLOW_CTX_TRY_NUMBER=1
AIRFLOW_CTX_DAG_RUN_ID=manual__2024-03-30T22:12:28.045786+00:00
[2024-03-30T22:12:28.673+0000] {subprocess.py:63} INFO - Tmp dir root location: 
 /tmp
[2024-03-30T22:12:28.673+0000] {subprocess.py:75} INFO - Running command: ['/bin/bash', '-c', 'sleep 1']
[2024-03-30T22:12:28.679+0000] {subprocess.py:86} INFO - Output:
[2024-03-30T22:12:29.683+0000] {subprocess.py:97} INFO - Command exited with return code 0
[2024-03-30T22:12:29.724+0000] {taskinstance.py:1406} INFO - Marking task as SUCCESS. dag_id=parallel_dag, task_id=extract_a, execution_date=20240330T221228, start_date=20240330T221228, end_date=20240330T221229
[2024-03-30T22:12:29.758+0000] {local_task_job.py:164} INFO - Task exited with return code 0
[2024-03-30T22:12:29.782+0000] {local_task_job.py:273} INFO - 1 downstream tasks scheduled from follow-on schedule check
