[2024-03-30T22:15:27.179+0000] {taskinstance.py:1165} INFO - Dependencies all met for <TaskInstance: group_dag.check_files manual__2024-03-30T22:14:25.402791+00:00 [queued]>
[2024-03-30T22:15:27.186+0000] {taskinstance.py:1165} INFO - Dependencies all met for <TaskInstance: group_dag.check_files manual__2024-03-30T22:14:25.402791+00:00 [queued]>
[2024-03-30T22:15:27.186+0000] {taskinstance.py:1362} INFO - 
--------------------------------------------------------------------------------
[2024-03-30T22:15:27.186+0000] {taskinstance.py:1363} INFO - Starting attempt 1 of 1
[2024-03-30T22:15:27.186+0000] {taskinstance.py:1364} INFO - 
--------------------------------------------------------------------------------
[2024-03-30T22:15:27.192+0000] {taskinstance.py:1383} INFO - Executing <Task(BashOperator): check_files> on 2024-03-30 22:14:25.402791+00:00
[2024-03-30T22:15:27.196+0000] {standard_task_runner.py:55} INFO - Started process 2784 to run task
[2024-03-30T22:15:27.198+0000] {standard_task_runner.py:82} INFO - Running: ['***', 'tasks', 'run', 'group_dag', 'check_files', 'manual__2024-03-30T22:14:25.402791+00:00', '--job-id', '108', '--raw', '--subdir', 'DAGS_FOLDER/group_dag.py', '--cfg-path', '/tmp/tmpoi5rea3g']
[2024-03-30T22:15:27.198+0000] {standard_task_runner.py:83} INFO - Job 108: Subtask check_files
[2024-03-30T22:15:27.233+0000] {task_command.py:376} INFO - Running <TaskInstance: group_dag.check_files manual__2024-03-30T22:14:25.402791+00:00 [running]> on host 7068bcfece46
[2024-03-30T22:15:27.260+0000] {taskinstance.py:1592} INFO - Exporting the following env vars:
AIRFLOW_CTX_DAG_OWNER=***
AIRFLOW_CTX_DAG_ID=group_dag
AIRFLOW_CTX_TASK_ID=check_files
AIRFLOW_CTX_EXECUTION_DATE=2024-03-30T22:14:25.402791+00:00
AIRFLOW_CTX_TRY_NUMBER=1
AIRFLOW_CTX_DAG_RUN_ID=manual__2024-03-30T22:14:25.402791+00:00
[2024-03-30T22:15:27.261+0000] {subprocess.py:63} INFO - Tmp dir root location: 
 /tmp
[2024-03-30T22:15:27.261+0000] {subprocess.py:75} INFO - Running command: ['/bin/bash', '-c', 'sleep 10']
[2024-03-30T22:15:27.266+0000] {subprocess.py:86} INFO - Output:
[2024-03-30T22:15:37.269+0000] {subprocess.py:97} INFO - Command exited with return code 0
[2024-03-30T22:15:37.309+0000] {taskinstance.py:1406} INFO - Marking task as SUCCESS. dag_id=group_dag, task_id=check_files, execution_date=20240330T221425, start_date=20240330T221527, end_date=20240330T221537
[2024-03-30T22:15:37.321+0000] {local_task_job.py:164} INFO - Task exited with return code 0
[2024-03-30T22:15:37.337+0000] {local_task_job.py:273} INFO - 1 downstream tasks scheduled from follow-on schedule check
