[2024-03-30T22:26:15.874+0000] {taskinstance.py:1165} INFO - Dependencies all met for <TaskInstance: group_dag.transforms.transform_b manual__2024-03-30T22:14:25.402791+00:00 [queued]>
[2024-03-30T22:26:15.885+0000] {taskinstance.py:1165} INFO - Dependencies all met for <TaskInstance: group_dag.transforms.transform_b manual__2024-03-30T22:14:25.402791+00:00 [queued]>
[2024-03-30T22:26:15.888+0000] {taskinstance.py:1362} INFO - 
--------------------------------------------------------------------------------
[2024-03-30T22:26:15.888+0000] {taskinstance.py:1363} INFO - Starting attempt 1 of 1
[2024-03-30T22:26:15.889+0000] {taskinstance.py:1364} INFO - 
--------------------------------------------------------------------------------
[2024-03-30T22:26:15.914+0000] {taskinstance.py:1383} INFO - Executing <Task(BashOperator): transforms.transform_b> on 2024-03-30 22:14:25.402791+00:00
[2024-03-30T22:26:15.921+0000] {standard_task_runner.py:55} INFO - Started process 3336 to run task
[2024-03-30T22:26:15.924+0000] {standard_task_runner.py:82} INFO - Running: ['***', 'tasks', 'run', 'group_dag', 'transforms.transform_b', 'manual__2024-03-30T22:14:25.402791+00:00', '--job-id', '114', '--raw', '--subdir', 'DAGS_FOLDER/group_dag.py', '--cfg-path', '/tmp/tmp4v1whbiy']
[2024-03-30T22:26:15.925+0000] {standard_task_runner.py:83} INFO - Job 114: Subtask transforms.transform_b
[2024-03-30T22:26:21.764+0000] {task_command.py:376} INFO - Running <TaskInstance: group_dag.transforms.transform_b manual__2024-03-30T22:14:25.402791+00:00 [running]> on host 7068bcfece46
[2024-03-30T22:26:22.092+0000] {taskinstance.py:1592} INFO - Exporting the following env vars:
AIRFLOW_CTX_DAG_OWNER=***
AIRFLOW_CTX_DAG_ID=group_dag
AIRFLOW_CTX_TASK_ID=transforms.transform_b
AIRFLOW_CTX_EXECUTION_DATE=2024-03-30T22:14:25.402791+00:00
AIRFLOW_CTX_TRY_NUMBER=1
AIRFLOW_CTX_DAG_RUN_ID=manual__2024-03-30T22:14:25.402791+00:00
[2024-03-30T22:26:22.100+0000] {subprocess.py:63} INFO - Tmp dir root location: 
 /tmp
[2024-03-30T22:26:22.107+0000] {subprocess.py:75} INFO - Running command: ['/bin/bash', '-c', 'sleep 10']
[2024-03-30T22:26:22.120+0000] {subprocess.py:86} INFO - Output:
[2024-03-30T22:26:32.169+0000] {subprocess.py:97} INFO - Command exited with return code 0
[2024-03-30T22:26:32.239+0000] {taskinstance.py:1406} INFO - Marking task as SUCCESS. dag_id=group_dag, task_id=transforms.transform_b, execution_date=20240330T221425, start_date=20240330T222615, end_date=20240330T222632
[2024-03-30T22:26:32.294+0000] {local_task_job.py:164} INFO - Task exited with return code 0
[2024-03-30T22:26:32.317+0000] {local_task_job.py:273} INFO - 0 downstream tasks scheduled from follow-on schedule check
