[2024-03-30T22:26:15.874+0000] {taskinstance.py:1165} INFO - Dependencies all met for <TaskInstance: group_dag.downloads.download_c manual__2024-03-30T22:14:25.402791+00:00 [queued]>
[2024-03-30T22:26:15.883+0000] {taskinstance.py:1165} INFO - Dependencies all met for <TaskInstance: group_dag.downloads.download_c manual__2024-03-30T22:14:25.402791+00:00 [queued]>
[2024-03-30T22:26:15.883+0000] {taskinstance.py:1362} INFO - 
--------------------------------------------------------------------------------
[2024-03-30T22:26:15.883+0000] {taskinstance.py:1363} INFO - Starting attempt 1 of 1
[2024-03-30T22:26:15.884+0000] {taskinstance.py:1364} INFO - 
--------------------------------------------------------------------------------
[2024-03-30T22:26:15.908+0000] {taskinstance.py:1383} INFO - Executing <Task(BashOperator): downloads.download_c> on 2024-03-30 22:14:25.402791+00:00
[2024-03-30T22:26:15.912+0000] {standard_task_runner.py:55} INFO - Started process 3335 to run task
[2024-03-30T22:26:15.915+0000] {standard_task_runner.py:82} INFO - Running: ['***', 'tasks', 'run', 'group_dag', 'downloads.download_c', 'manual__2024-03-30T22:14:25.402791+00:00', '--job-id', '111', '--raw', '--subdir', 'DAGS_FOLDER/group_dag.py', '--cfg-path', '/tmp/tmpn6u6kvoh']
[2024-03-30T22:26:15.917+0000] {standard_task_runner.py:83} INFO - Job 111: Subtask downloads.download_c
[2024-03-30T22:26:21.765+0000] {task_command.py:376} INFO - Running <TaskInstance: group_dag.downloads.download_c manual__2024-03-30T22:14:25.402791+00:00 [running]> on host 7068bcfece46
[2024-03-30T22:26:22.077+0000] {taskinstance.py:1592} INFO - Exporting the following env vars:
AIRFLOW_CTX_DAG_OWNER=***
AIRFLOW_CTX_DAG_ID=group_dag
AIRFLOW_CTX_TASK_ID=downloads.download_c
AIRFLOW_CTX_EXECUTION_DATE=2024-03-30T22:14:25.402791+00:00
AIRFLOW_CTX_TRY_NUMBER=1
AIRFLOW_CTX_DAG_RUN_ID=manual__2024-03-30T22:14:25.402791+00:00
[2024-03-30T22:26:22.100+0000] {subprocess.py:63} INFO - Tmp dir root location: 
 /tmp
[2024-03-30T22:26:22.104+0000] {subprocess.py:75} INFO - Running command: ['/bin/bash', '-c', 'sleep 10']
[2024-03-30T22:26:22.118+0000] {subprocess.py:86} INFO - Output:
[2024-03-30T22:26:32.169+0000] {subprocess.py:97} INFO - Command exited with return code 0
[2024-03-30T22:26:32.239+0000] {taskinstance.py:1406} INFO - Marking task as SUCCESS. dag_id=group_dag, task_id=downloads.download_c, execution_date=20240330T221425, start_date=20240330T222615, end_date=20240330T222632
[2024-03-30T22:26:32.285+0000] {local_task_job.py:164} INFO - Task exited with return code 0
[2024-03-30T22:26:32.308+0000] {local_task_job.py:273} INFO - 0 downstream tasks scheduled from follow-on schedule check
