[2024-03-27T09:03:20.071+0000] {taskinstance.py:1165} INFO - Dependencies all met for <TaskInstance: user_processing.extract_user manual__2024-03-27T09:03:17.871224+00:00 [queued]>
[2024-03-27T09:03:20.076+0000] {taskinstance.py:1165} INFO - Dependencies all met for <TaskInstance: user_processing.extract_user manual__2024-03-27T09:03:17.871224+00:00 [queued]>
[2024-03-27T09:03:20.076+0000] {taskinstance.py:1362} INFO - 
--------------------------------------------------------------------------------
[2024-03-27T09:03:20.076+0000] {taskinstance.py:1363} INFO - Starting attempt 1 of 1
[2024-03-27T09:03:20.076+0000] {taskinstance.py:1364} INFO - 
--------------------------------------------------------------------------------
[2024-03-27T09:03:20.082+0000] {taskinstance.py:1383} INFO - Executing <Task(SimpleHttpOperator): extract_user> on 2024-03-27 09:03:17.871224+00:00
[2024-03-27T09:03:20.084+0000] {standard_task_runner.py:55} INFO - Started process 3687 to run task
[2024-03-27T09:03:20.086+0000] {standard_task_runner.py:82} INFO - Running: ['***', 'tasks', 'run', 'user_processing', 'extract_user', 'manual__2024-03-27T09:03:17.871224+00:00', '--job-id', '53', '--raw', '--subdir', 'DAGS_FOLDER/user_processing.py', '--cfg-path', '/tmp/tmpa4q8lex8']
[2024-03-27T09:03:20.087+0000] {standard_task_runner.py:83} INFO - Job 53: Subtask extract_user
[2024-03-27T09:03:20.110+0000] {task_command.py:376} INFO - Running <TaskInstance: user_processing.extract_user manual__2024-03-27T09:03:17.871224+00:00 [running]> on host 2be32c994b3e
[2024-03-27T09:03:20.135+0000] {taskinstance.py:1592} INFO - Exporting the following env vars:
AIRFLOW_CTX_DAG_OWNER=***
AIRFLOW_CTX_DAG_ID=user_processing
AIRFLOW_CTX_TASK_ID=extract_user
AIRFLOW_CTX_EXECUTION_DATE=2024-03-27T09:03:17.871224+00:00
AIRFLOW_CTX_TRY_NUMBER=1
AIRFLOW_CTX_DAG_RUN_ID=manual__2024-03-27T09:03:17.871224+00:00
[2024-03-27T09:03:20.135+0000] {http.py:121} INFO - Calling HTTP method
[2024-03-27T09:03:20.139+0000] {base.py:71} INFO - Using connection ID 'user_api' for task execution.
[2024-03-27T09:03:20.139+0000] {http.py:148} INFO - Sending 'GET' to url: https://randomuser.me/api/
[2024-03-27T09:03:20.300+0000] {http.py:125} INFO - {"results":[{"gender":"female","name":{"title":"Mrs","first":"Charlene","last":"Gray"},"location":{"street":{"number":1727,"name":"Elgin St"},"city":"Rockhampton","state":"Victoria","country":"Australia","postcode":5925,"coordinates":{"latitude":"-86.5119","longitude":"34.2399"},"timezone":{"offset":"+4:00","description":"Abu Dhabi, Muscat, Baku, Tbilisi"}},"email":"charlene.gray@example.com","login":{"uuid":"25a924bd-350d-42fb-bece-f03b926bf9c1","username":"tinywolf138","password":"samuel1","salt":"wdZk0R84","md5":"2917ba232be973dc630be47d71280286","sha1":"3125172d15e72451db10d34aca4801e6806f1520","sha256":"c184e1d0885ffc313c4b02d067182e69f2efee94644fba216699fc84ad71e0a8"},"dob":{"date":"1957-10-22T20:58:52.541Z","age":66},"registered":{"date":"2017-05-03T11:12:30.454Z","age":6},"phone":"01-4796-7122","cell":"0442-067-726","id":{"name":"TFN","value":"704902140"},"picture":{"large":"https://randomuser.me/api/portraits/women/58.jpg","medium":"https://randomuser.me/api/portraits/med/women/58.jpg","thumbnail":"https://randomuser.me/api/portraits/thumb/women/58.jpg"},"nat":"AU"}],"info":{"seed":"aefae5e784e4d549","results":1,"page":1,"version":"1.4"}}
[2024-03-27T09:03:20.323+0000] {taskinstance.py:1406} INFO - Marking task as SUCCESS. dag_id=user_processing, task_id=extract_user, execution_date=20240327T090317, start_date=20240327T090320, end_date=20240327T090320
[2024-03-27T09:03:20.354+0000] {local_task_job.py:164} INFO - Task exited with return code 0
[2024-03-27T09:03:20.373+0000] {local_task_job.py:273} INFO - 1 downstream tasks scheduled from follow-on schedule check
