[2024-03-30T21:13:10.701+0000] {taskinstance.py:1165} INFO - Dependencies all met for <TaskInstance: parallel_dag.extract_b scheduled__2024-03-29T00:00:00+00:00 [queued]>
[2024-03-30T21:13:10.707+0000] {taskinstance.py:1165} INFO - Dependencies all met for <TaskInstance: parallel_dag.extract_b scheduled__2024-03-29T00:00:00+00:00 [queued]>
[2024-03-30T21:13:10.707+0000] {taskinstance.py:1362} INFO - 
--------------------------------------------------------------------------------
[2024-03-30T21:13:10.707+0000] {taskinstance.py:1363} INFO - Starting attempt 1 of 1
[2024-03-30T21:13:10.707+0000] {taskinstance.py:1364} INFO - 
--------------------------------------------------------------------------------
[2024-03-30T21:13:10.713+0000] {taskinstance.py:1383} INFO - Executing <Task(BashOperator): extract_b> on 2024-03-29 00:00:00+00:00
[2024-03-30T21:13:10.717+0000] {standard_task_runner.py:55} INFO - Started process 129 to run task
[2024-03-30T21:13:10.720+0000] {standard_task_runner.py:82} INFO - Running: ['***', 'tasks', 'run', 'parallel_dag', 'extract_b', 'scheduled__2024-03-29T00:00:00+00:00', '--job-id', '80', '--raw', '--subdir', 'DAGS_FOLDER/parallel_dag.py', '--cfg-path', '/tmp/tmpet4kitcx']
[2024-03-30T21:13:10.721+0000] {standard_task_runner.py:83} INFO - Job 80: Subtask extract_b
[2024-03-30T21:13:10.786+0000] {task_command.py:376} INFO - Running <TaskInstance: parallel_dag.extract_b scheduled__2024-03-29T00:00:00+00:00 [running]> on host 77b35ed01d43
[2024-03-30T21:13:10.947+0000] {taskinstance.py:1592} INFO - Exporting the following env vars:
AIRFLOW_CTX_DAG_OWNER=***
AIRFLOW_CTX_DAG_ID=parallel_dag
AIRFLOW_CTX_TASK_ID=extract_b
AIRFLOW_CTX_EXECUTION_DATE=2024-03-29T00:00:00+00:00
AIRFLOW_CTX_TRY_NUMBER=1
AIRFLOW_CTX_DAG_RUN_ID=scheduled__2024-03-29T00:00:00+00:00
[2024-03-30T21:13:10.951+0000] {subprocess.py:63} INFO - Tmp dir root location: 
 /tmp
[2024-03-30T21:13:10.952+0000] {subprocess.py:75} INFO - Running command: ['/bin/bash', '-c', 'sleep 1']
[2024-03-30T21:13:10.960+0000] {subprocess.py:86} INFO - Output:
[2024-03-30T21:13:11.968+0000] {subprocess.py:97} INFO - Command exited with return code 0
[2024-03-30T21:13:12.010+0000] {taskinstance.py:1406} INFO - Marking task as SUCCESS. dag_id=parallel_dag, task_id=extract_b, execution_date=20240329T000000, start_date=20240330T211310, end_date=20240330T211312
[2024-03-30T21:13:12.054+0000] {local_task_job.py:164} INFO - Task exited with return code 0
[2024-03-30T21:13:12.076+0000] {local_task_job.py:273} INFO - 1 downstream tasks scheduled from follow-on schedule check
