[2024-03-27T07:48:59.145+0000] {taskinstance.py:1165} INFO - Dependencies all met for <TaskInstance: example_bash_operator.run_after_loop scheduled__2024-03-26T00:00:00+00:00 [queued]>
[2024-03-27T07:48:59.149+0000] {taskinstance.py:1165} INFO - Dependencies all met for <TaskInstance: example_bash_operator.run_after_loop scheduled__2024-03-26T00:00:00+00:00 [queued]>
[2024-03-27T07:48:59.150+0000] {taskinstance.py:1362} INFO - 
--------------------------------------------------------------------------------
[2024-03-27T07:48:59.150+0000] {taskinstance.py:1363} INFO - Starting attempt 1 of 1
[2024-03-27T07:48:59.150+0000] {taskinstance.py:1364} INFO - 
--------------------------------------------------------------------------------
[2024-03-27T07:48:59.156+0000] {taskinstance.py:1383} INFO - Executing <Task(BashOperator): run_after_loop> on 2024-03-26 00:00:00+00:00
[2024-03-27T07:48:59.159+0000] {standard_task_runner.py:55} INFO - Started process 70 to run task
[2024-03-27T07:48:59.161+0000] {standard_task_runner.py:82} INFO - Running: ['***', 'tasks', 'run', 'example_bash_operator', 'run_after_loop', 'scheduled__2024-03-26T00:00:00+00:00', '--job-id', '16', '--raw', '--subdir', '/home/***/.local/lib/python3.7/site-packages/***/example_dags/example_bash_operator.py', '--cfg-path', '/tmp/tmpjw7gcwye']
[2024-03-27T07:48:59.161+0000] {standard_task_runner.py:83} INFO - Job 16: Subtask run_after_loop
[2024-03-27T07:48:59.191+0000] {task_command.py:376} INFO - Running <TaskInstance: example_bash_operator.run_after_loop scheduled__2024-03-26T00:00:00+00:00 [running]> on host b9a9b02256c9
[2024-03-27T07:48:59.228+0000] {taskinstance.py:1592} INFO - Exporting the following env vars:
AIRFLOW_CTX_DAG_OWNER=***
AIRFLOW_CTX_DAG_ID=example_bash_operator
AIRFLOW_CTX_TASK_ID=run_after_loop
AIRFLOW_CTX_EXECUTION_DATE=2024-03-26T00:00:00+00:00
AIRFLOW_CTX_TRY_NUMBER=1
AIRFLOW_CTX_DAG_RUN_ID=scheduled__2024-03-26T00:00:00+00:00
[2024-03-27T07:48:59.229+0000] {subprocess.py:63} INFO - Tmp dir root location: 
 /tmp
[2024-03-27T07:48:59.229+0000] {subprocess.py:75} INFO - Running command: ['/bin/bash', '-c', 'echo 1']
[2024-03-27T07:48:59.236+0000] {subprocess.py:86} INFO - Output:
[2024-03-27T07:48:59.237+0000] {subprocess.py:93} INFO - 1
[2024-03-27T07:48:59.237+0000] {subprocess.py:97} INFO - Command exited with return code 0
[2024-03-27T07:48:59.250+0000] {taskinstance.py:1406} INFO - Marking task as SUCCESS. dag_id=example_bash_operator, task_id=run_after_loop, execution_date=20240326T000000, start_date=20240327T074859, end_date=20240327T074859
[2024-03-27T07:48:59.294+0000] {local_task_job.py:164} INFO - Task exited with return code 0
[2024-03-27T07:48:59.305+0000] {local_task_job.py:273} INFO - 0 downstream tasks scheduled from follow-on schedule check
