[2024-03-30T22:15:37.760+0000] {taskinstance.py:1165} INFO - Dependencies all met for <TaskInstance: group_dag.transforms manual__2024-03-30T22:14:25.402791+00:00 [queued]>
[2024-03-30T22:15:37.764+0000] {taskinstance.py:1165} INFO - Dependencies all met for <TaskInstance: group_dag.transforms manual__2024-03-30T22:14:25.402791+00:00 [queued]>
[2024-03-30T22:15:37.764+0000] {taskinstance.py:1362} INFO - 
--------------------------------------------------------------------------------
[2024-03-30T22:15:37.764+0000] {taskinstance.py:1363} INFO - Starting attempt 1 of 1
[2024-03-30T22:15:37.764+0000] {taskinstance.py:1364} INFO - 
--------------------------------------------------------------------------------
[2024-03-30T22:15:37.770+0000] {taskinstance.py:1383} INFO - Executing <Task(SubDagOperator): transforms> on 2024-03-30 22:14:25.402791+00:00
[2024-03-30T22:15:37.772+0000] {standard_task_runner.py:55} INFO - Started process 2796 to run task
[2024-03-30T22:15:37.774+0000] {standard_task_runner.py:82} INFO - Running: ['***', 'tasks', 'run', 'group_dag', 'transforms', 'manual__2024-03-30T22:14:25.402791+00:00', '--job-id', '109', '--raw', '--subdir', 'DAGS_FOLDER/group_dag.py', '--cfg-path', '/tmp/tmpfo9d2nqt']
[2024-03-30T22:15:37.774+0000] {standard_task_runner.py:83} INFO - Job 109: Subtask transforms
[2024-03-30T22:15:37.800+0000] {task_command.py:376} INFO - Running <TaskInstance: group_dag.transforms manual__2024-03-30T22:14:25.402791+00:00 [running]> on host 7068bcfece46
[2024-03-30T22:15:37.828+0000] {taskinstance.py:1592} INFO - Exporting the following env vars:
AIRFLOW_CTX_DAG_OWNER=***
AIRFLOW_CTX_DAG_ID=group_dag
AIRFLOW_CTX_TASK_ID=transforms
AIRFLOW_CTX_EXECUTION_DATE=2024-03-30T22:14:25.402791+00:00
AIRFLOW_CTX_TRY_NUMBER=1
AIRFLOW_CTX_DAG_RUN_ID=manual__2024-03-30T22:14:25.402791+00:00
[2024-03-30T22:15:37.829+0000] {warnings.py:110} WARNING - /home/***/.local/lib/python3.7/site-packages/***/utils/context.py:204: AirflowContextDeprecationWarning: Accessing 'execution_date' from the template is deprecated and will be removed in a future version. Please use 'data_interval_start' or 'logical_date' instead.
  warnings.warn(_create_deprecation_warning(key, self._deprecation_replacements[key]))

[2024-03-30T22:15:37.840+0000] {subdag.py:171} INFO - Created DagRun: scheduled__2024-03-30T22:14:25.402791+00:00
[2024-03-30T22:26:28.513+0000] {local_task_job.py:228} WARNING - State of this instance has been externally set to removed. Terminating instance.
[2024-03-30T22:26:28.535+0000] {process_utils.py:133} INFO - Sending Signals.SIGTERM to group 2796. PIDs of all processes in the group: [2796]
[2024-03-30T22:26:28.536+0000] {process_utils.py:84} INFO - Sending the signal Signals.SIGTERM to group 2796
[2024-03-30T22:26:28.539+0000] {taskinstance.py:1562} ERROR - Received SIGTERM. Terminating subprocesses.
[2024-03-30T22:26:28.638+0000] {process_utils.py:79} INFO - Process psutil.Process(pid=2796, status='terminated', exitcode=0, started='22:15:37') (2796) terminated with exit code 0
