[2024-03-27T08:37:35.433+0000] {taskinstance.py:1165} INFO - Dependencies all met for <TaskInstance: user_processing.extract_user scheduled__2024-03-26T00:00:00+00:00 [queued]>
[2024-03-27T08:37:35.439+0000] {taskinstance.py:1165} INFO - Dependencies all met for <TaskInstance: user_processing.extract_user scheduled__2024-03-26T00:00:00+00:00 [queued]>
[2024-03-27T08:37:35.440+0000] {taskinstance.py:1362} INFO - 
--------------------------------------------------------------------------------
[2024-03-27T08:37:35.440+0000] {taskinstance.py:1363} INFO - Starting attempt 1 of 1
[2024-03-27T08:37:35.440+0000] {taskinstance.py:1364} INFO - 
--------------------------------------------------------------------------------
[2024-03-27T08:37:35.450+0000] {taskinstance.py:1383} INFO - Executing <Task(SimpleHttpOperator): extract_user> on 2024-03-26 00:00:00+00:00
[2024-03-27T08:37:35.453+0000] {standard_task_runner.py:55} INFO - Started process 2378 to run task
[2024-03-27T08:37:35.456+0000] {standard_task_runner.py:82} INFO - Running: ['***', 'tasks', 'run', 'user_processing', 'extract_user', 'scheduled__2024-03-26T00:00:00+00:00', '--job-id', '48', '--raw', '--subdir', 'DAGS_FOLDER/user_processing.py', '--cfg-path', '/tmp/tmpcb3h7kg2']
[2024-03-27T08:37:35.457+0000] {standard_task_runner.py:83} INFO - Job 48: Subtask extract_user
[2024-03-27T08:37:35.510+0000] {task_command.py:376} INFO - Running <TaskInstance: user_processing.extract_user scheduled__2024-03-26T00:00:00+00:00 [running]> on host 2be32c994b3e
[2024-03-27T08:37:35.580+0000] {taskinstance.py:1592} INFO - Exporting the following env vars:
AIRFLOW_CTX_DAG_OWNER=***
AIRFLOW_CTX_DAG_ID=user_processing
AIRFLOW_CTX_TASK_ID=extract_user
AIRFLOW_CTX_EXECUTION_DATE=2024-03-26T00:00:00+00:00
AIRFLOW_CTX_TRY_NUMBER=1
AIRFLOW_CTX_DAG_RUN_ID=scheduled__2024-03-26T00:00:00+00:00
[2024-03-27T08:37:35.593+0000] {http.py:121} INFO - Calling HTTP method
[2024-03-27T08:37:35.605+0000] {base.py:71} INFO - Using connection ID 'user_api' for task execution.
[2024-03-27T08:37:35.608+0000] {http.py:148} INFO - Sending 'GET' to url: https://randomuser.me/api/
[2024-03-27T08:37:35.809+0000] {http.py:125} INFO - {"results":[{"gender":"male","name":{"title":"Mr","first":"Heimo","last":"Klinke"},"location":{"street":{"number":2446,"name":"Danziger Straße"},"city":"Brüel","state":"Berlin","country":"Germany","postcode":77235,"coordinates":{"latitude":"-52.3401","longitude":"-62.9680"},"timezone":{"offset":"-6:00","description":"Central Time (US & Canada), Mexico City"}},"email":"heimo.klinke@example.com","login":{"uuid":"6733322b-03bf-400b-8820-95936927734e","username":"bigbear648","password":"madmax","salt":"bpT9bbSH","md5":"fbeee7461b8b284cd99b09af2ea265fc","sha1":"f69929c388a6ca493f7254abb9c5423eca0ec8f3","sha256":"b8b5bcd2fae978c92bb4d8a23f2c7843395b04ab2b2f5dfbd7f3dc3a3ea0dfc7"},"dob":{"date":"1962-07-06T22:27:52.329Z","age":61},"registered":{"date":"2014-05-08T13:33:41.713Z","age":9},"phone":"0461-4422845","cell":"0178-2968905","id":{"name":"SVNR","value":"44 060762 K 265"},"picture":{"large":"https://randomuser.me/api/portraits/men/24.jpg","medium":"https://randomuser.me/api/portraits/med/men/24.jpg","thumbnail":"https://randomuser.me/api/portraits/thumb/men/24.jpg"},"nat":"DE"}],"info":{"seed":"1920a756b1fb4b63","results":1,"page":1,"version":"1.4"}}
[2024-03-27T08:37:35.828+0000] {taskinstance.py:1406} INFO - Marking task as SUCCESS. dag_id=user_processing, task_id=extract_user, execution_date=20240326T000000, start_date=20240327T083735, end_date=20240327T083735
[2024-03-27T08:37:35.840+0000] {local_task_job.py:164} INFO - Task exited with return code 0
[2024-03-27T08:37:35.876+0000] {local_task_job.py:273} INFO - 1 downstream tasks scheduled from follow-on schedule check
