[2024-03-30T22:26:15.873+0000] {taskinstance.py:1165} INFO - Dependencies all met for <TaskInstance: group_dag.transforms.transform_a manual__2024-03-30T22:14:25.402791+00:00 [queued]>
[2024-03-30T22:26:15.882+0000] {taskinstance.py:1165} INFO - Dependencies all met for <TaskInstance: group_dag.transforms.transform_a manual__2024-03-30T22:14:25.402791+00:00 [queued]>
[2024-03-30T22:26:15.883+0000] {taskinstance.py:1362} INFO - 
--------------------------------------------------------------------------------
[2024-03-30T22:26:15.884+0000] {taskinstance.py:1363} INFO - Starting attempt 1 of 1
[2024-03-30T22:26:15.888+0000] {taskinstance.py:1364} INFO - 
--------------------------------------------------------------------------------
[2024-03-30T22:26:15.898+0000] {taskinstance.py:1383} INFO - Executing <Task(BashOperator): transforms.transform_a> on 2024-03-30 22:14:25.402791+00:00
[2024-03-30T22:26:15.902+0000] {standard_task_runner.py:55} INFO - Started process 3334 to run task
[2024-03-30T22:26:15.906+0000] {standard_task_runner.py:82} INFO - Running: ['***', 'tasks', 'run', 'group_dag', 'transforms.transform_a', 'manual__2024-03-30T22:14:25.402791+00:00', '--job-id', '112', '--raw', '--subdir', 'DAGS_FOLDER/group_dag.py', '--cfg-path', '/tmp/tmpymvc1n02']
[2024-03-30T22:26:15.906+0000] {standard_task_runner.py:83} INFO - Job 112: Subtask transforms.transform_a
[2024-03-30T22:26:15.987+0000] {task_command.py:376} INFO - Running <TaskInstance: group_dag.transforms.transform_a manual__2024-03-30T22:14:25.402791+00:00 [running]> on host 7068bcfece46
[2024-03-30T22:26:21.973+0000] {taskinstance.py:1592} INFO - Exporting the following env vars:
AIRFLOW_CTX_DAG_OWNER=***
AIRFLOW_CTX_DAG_ID=group_dag
AIRFLOW_CTX_TASK_ID=transforms.transform_a
AIRFLOW_CTX_EXECUTION_DATE=2024-03-30T22:14:25.402791+00:00
AIRFLOW_CTX_TRY_NUMBER=1
AIRFLOW_CTX_DAG_RUN_ID=manual__2024-03-30T22:14:25.402791+00:00
[2024-03-30T22:26:21.985+0000] {subprocess.py:63} INFO - Tmp dir root location: 
 /tmp
[2024-03-30T22:26:21.987+0000] {subprocess.py:75} INFO - Running command: ['/bin/bash', '-c', 'sleep 10']
[2024-03-30T22:26:21.997+0000] {subprocess.py:86} INFO - Output:
[2024-03-30T22:26:32.086+0000] {subprocess.py:97} INFO - Command exited with return code 0
[2024-03-30T22:26:32.190+0000] {taskinstance.py:1406} INFO - Marking task as SUCCESS. dag_id=group_dag, task_id=transforms.transform_a, execution_date=20240330T221425, start_date=20240330T222615, end_date=20240330T222632
[2024-03-30T22:26:32.253+0000] {local_task_job.py:164} INFO - Task exited with return code 0
[2024-03-30T22:26:32.268+0000] {local_task_job.py:273} INFO - 0 downstream tasks scheduled from follow-on schedule check
