[2024-03-30T21:08:48.561+0000] {processor.py:154} INFO - Started process (PID=37) to work on /opt/airflow/dags/dag.py
[2024-03-30T21:08:48.567+0000] {processor.py:756} INFO - Processing file /opt/airflow/dags/dag.py for tasks to queue
[2024-03-30T21:08:48.572+0000] {logging_mixin.py:120} INFO - [2024-03-30T21:08:48.572+0000] {dagbag.py:537} INFO - Filling up the DagBag from /opt/airflow/dags/dag.py
[2024-03-30T21:08:48.606+0000] {processor.py:766} INFO - DAG(s) dict_keys(['parallel_dag']) retrieved from /opt/airflow/dags/dag.py
[2024-03-30T21:08:48.812+0000] {logging_mixin.py:120} INFO - [2024-03-30T21:08:48.812+0000] {manager.py:507} INFO - Created Permission View: can edit on DAG:parallel_dag
[2024-03-30T21:08:48.819+0000] {logging_mixin.py:120} INFO - [2024-03-30T21:08:48.819+0000] {manager.py:507} INFO - Created Permission View: can read on DAG:parallel_dag
[2024-03-30T21:08:48.824+0000] {logging_mixin.py:120} INFO - [2024-03-30T21:08:48.824+0000] {manager.py:507} INFO - Created Permission View: can delete on DAG:parallel_dag
[2024-03-30T21:08:48.824+0000] {logging_mixin.py:120} INFO - [2024-03-30T21:08:48.824+0000] {dag.py:2585} INFO - Sync 1 DAGs
[2024-03-30T21:08:48.833+0000] {logging_mixin.py:120} INFO - [2024-03-30T21:08:48.833+0000] {dag.py:2606} INFO - Creating ORM DAG for parallel_dag
[2024-03-30T21:08:48.841+0000] {logging_mixin.py:120} INFO - [2024-03-30T21:08:48.841+0000] {dag.py:3340} INFO - Setting next_dagrun for parallel_dag to 2024-03-29T00:00:00+00:00, run_after=2024-03-30T00:00:00+00:00
[2024-03-30T21:08:48.861+0000] {processor.py:176} INFO - Processing /opt/airflow/dags/dag.py took 0.303 seconds
[2024-03-30T21:09:19.144+0000] {processor.py:154} INFO - Started process (PID=103) to work on /opt/airflow/dags/dag.py
[2024-03-30T21:09:19.147+0000] {processor.py:756} INFO - Processing file /opt/airflow/dags/dag.py for tasks to queue
[2024-03-30T21:09:19.149+0000] {logging_mixin.py:120} INFO - [2024-03-30T21:09:19.149+0000] {dagbag.py:537} INFO - Filling up the DagBag from /opt/airflow/dags/dag.py
[2024-03-30T21:09:19.190+0000] {processor.py:766} INFO - DAG(s) dict_keys(['parallel_dag']) retrieved from /opt/airflow/dags/dag.py
[2024-03-30T21:09:19.232+0000] {logging_mixin.py:120} INFO - [2024-03-30T21:09:19.231+0000] {dag.py:2585} INFO - Sync 1 DAGs
[2024-03-30T21:09:19.254+0000] {logging_mixin.py:120} INFO - [2024-03-30T21:09:19.254+0000] {dag.py:3340} INFO - Setting next_dagrun for parallel_dag to 2024-03-29T00:00:00+00:00, run_after=2024-03-30T00:00:00+00:00
[2024-03-30T21:09:19.268+0000] {processor.py:176} INFO - Processing /opt/airflow/dags/dag.py took 0.138 seconds
[2024-03-30T21:09:49.446+0000] {processor.py:154} INFO - Started process (PID=172) to work on /opt/airflow/dags/dag.py
[2024-03-30T21:09:49.447+0000] {processor.py:756} INFO - Processing file /opt/airflow/dags/dag.py for tasks to queue
[2024-03-30T21:09:49.447+0000] {logging_mixin.py:120} INFO - [2024-03-30T21:09:49.447+0000] {dagbag.py:537} INFO - Filling up the DagBag from /opt/airflow/dags/dag.py
[2024-03-30T21:09:49.462+0000] {processor.py:766} INFO - DAG(s) dict_keys(['parallel_dag']) retrieved from /opt/airflow/dags/dag.py
[2024-03-30T21:09:49.520+0000] {logging_mixin.py:120} INFO - [2024-03-30T21:09:49.520+0000] {dag.py:2585} INFO - Sync 1 DAGs
[2024-03-30T21:09:49.540+0000] {logging_mixin.py:120} INFO - [2024-03-30T21:09:49.540+0000] {dag.py:3340} INFO - Setting next_dagrun for parallel_dag to 2024-03-29T00:00:00+00:00, run_after=2024-03-30T00:00:00+00:00
[2024-03-30T21:09:49.602+0000] {processor.py:176} INFO - Processing /opt/airflow/dags/dag.py took 0.160 seconds
[2024-03-30T21:10:20.610+0000] {processor.py:154} INFO - Started process (PID=240) to work on /opt/airflow/dags/dag.py
[2024-03-30T21:10:20.612+0000] {processor.py:756} INFO - Processing file /opt/airflow/dags/dag.py for tasks to queue
[2024-03-30T21:10:20.612+0000] {logging_mixin.py:120} INFO - [2024-03-30T21:10:20.612+0000] {dagbag.py:537} INFO - Filling up the DagBag from /opt/airflow/dags/dag.py
[2024-03-30T21:10:20.629+0000] {processor.py:766} INFO - DAG(s) dict_keys(['parallel_dag']) retrieved from /opt/airflow/dags/dag.py
[2024-03-30T21:10:20.654+0000] {logging_mixin.py:120} INFO - [2024-03-30T21:10:20.653+0000] {dag.py:2585} INFO - Sync 1 DAGs
[2024-03-30T21:10:20.668+0000] {logging_mixin.py:120} INFO - [2024-03-30T21:10:20.667+0000] {dag.py:3340} INFO - Setting next_dagrun for parallel_dag to 2024-03-29T00:00:00+00:00, run_after=2024-03-30T00:00:00+00:00
[2024-03-30T21:10:20.676+0000] {processor.py:176} INFO - Processing /opt/airflow/dags/dag.py took 0.068 seconds
[2024-03-30T21:10:51.514+0000] {processor.py:154} INFO - Started process (PID=299) to work on /opt/airflow/dags/dag.py
[2024-03-30T21:10:51.516+0000] {processor.py:756} INFO - Processing file /opt/airflow/dags/dag.py for tasks to queue
[2024-03-30T21:10:51.518+0000] {logging_mixin.py:120} INFO - [2024-03-30T21:10:51.518+0000] {dagbag.py:537} INFO - Filling up the DagBag from /opt/airflow/dags/dag.py
[2024-03-30T21:10:51.544+0000] {processor.py:766} INFO - DAG(s) dict_keys(['parallel_dag']) retrieved from /opt/airflow/dags/dag.py
[2024-03-30T21:10:51.575+0000] {logging_mixin.py:120} INFO - [2024-03-30T21:10:51.575+0000] {dag.py:2585} INFO - Sync 1 DAGs
[2024-03-30T21:10:51.590+0000] {logging_mixin.py:120} INFO - [2024-03-30T21:10:51.590+0000] {dag.py:3340} INFO - Setting next_dagrun for parallel_dag to 2024-03-29T00:00:00+00:00, run_after=2024-03-30T00:00:00+00:00
[2024-03-30T21:10:51.600+0000] {processor.py:176} INFO - Processing /opt/airflow/dags/dag.py took 0.092 seconds
[2024-03-30T21:11:44.608+0000] {processor.py:154} INFO - Started process (PID=37) to work on /opt/airflow/dags/dag.py
[2024-03-30T21:11:44.609+0000] {processor.py:756} INFO - Processing file /opt/airflow/dags/dag.py for tasks to queue
[2024-03-30T21:11:44.610+0000] {logging_mixin.py:120} INFO - [2024-03-30T21:11:44.610+0000] {dagbag.py:537} INFO - Filling up the DagBag from /opt/airflow/dags/dag.py
[2024-03-30T21:11:44.651+0000] {processor.py:766} INFO - DAG(s) dict_keys(['parallel_dag']) retrieved from /opt/airflow/dags/dag.py
[2024-03-30T21:11:44.788+0000] {logging_mixin.py:120} INFO - [2024-03-30T21:11:44.788+0000] {dag.py:2585} INFO - Sync 1 DAGs
[2024-03-30T21:11:44.811+0000] {logging_mixin.py:120} INFO - [2024-03-30T21:11:44.811+0000] {dag.py:3340} INFO - Setting next_dagrun for parallel_dag to 2024-03-29T00:00:00+00:00, run_after=2024-03-30T00:00:00+00:00
[2024-03-30T21:11:44.829+0000] {processor.py:176} INFO - Processing /opt/airflow/dags/dag.py took 0.224 seconds
[2024-03-30T21:12:15.342+0000] {processor.py:154} INFO - Started process (PID=69) to work on /opt/airflow/dags/dag.py
[2024-03-30T21:12:15.343+0000] {processor.py:756} INFO - Processing file /opt/airflow/dags/dag.py for tasks to queue
[2024-03-30T21:12:15.344+0000] {logging_mixin.py:120} INFO - [2024-03-30T21:12:15.344+0000] {dagbag.py:537} INFO - Filling up the DagBag from /opt/airflow/dags/dag.py
[2024-03-30T21:12:15.376+0000] {processor.py:766} INFO - DAG(s) dict_keys(['parallel_dag']) retrieved from /opt/airflow/dags/dag.py
[2024-03-30T21:12:15.408+0000] {logging_mixin.py:120} INFO - [2024-03-30T21:12:15.408+0000] {dag.py:2585} INFO - Sync 1 DAGs
[2024-03-30T21:12:15.430+0000] {logging_mixin.py:120} INFO - [2024-03-30T21:12:15.430+0000] {dag.py:3340} INFO - Setting next_dagrun for parallel_dag to 2024-03-29T00:00:00+00:00, run_after=2024-03-30T00:00:00+00:00
[2024-03-30T21:12:15.439+0000] {processor.py:176} INFO - Processing /opt/airflow/dags/dag.py took 0.100 seconds
[2024-03-30T21:12:45.913+0000] {processor.py:154} INFO - Started process (PID=101) to work on /opt/airflow/dags/dag.py
[2024-03-30T21:12:45.914+0000] {processor.py:756} INFO - Processing file /opt/airflow/dags/dag.py for tasks to queue
[2024-03-30T21:12:45.915+0000] {logging_mixin.py:120} INFO - [2024-03-30T21:12:45.915+0000] {dagbag.py:537} INFO - Filling up the DagBag from /opt/airflow/dags/dag.py
[2024-03-30T21:12:45.938+0000] {processor.py:766} INFO - DAG(s) dict_keys(['parallel_dag']) retrieved from /opt/airflow/dags/dag.py
[2024-03-30T21:12:45.965+0000] {logging_mixin.py:120} INFO - [2024-03-30T21:12:45.965+0000] {dag.py:2585} INFO - Sync 1 DAGs
[2024-03-30T21:12:45.978+0000] {logging_mixin.py:120} INFO - [2024-03-30T21:12:45.978+0000] {dag.py:3340} INFO - Setting next_dagrun for parallel_dag to 2024-03-29T00:00:00+00:00, run_after=2024-03-30T00:00:00+00:00
[2024-03-30T21:12:45.989+0000] {processor.py:176} INFO - Processing /opt/airflow/dags/dag.py took 0.082 seconds
