[2024-03-30T23:19:04.445+0000] {processor.py:154} INFO - Started process (PID=396) to work on /opt/airflow/dags/elastic_dag.py
[2024-03-30T23:19:04.445+0000] {processor.py:756} INFO - Processing file /opt/airflow/dags/elastic_dag.py for tasks to queue
[2024-03-30T23:19:04.446+0000] {logging_mixin.py:120} INFO - [2024-03-30T23:19:04.446+0000] {dagbag.py:537} INFO - Filling up the DagBag from /opt/airflow/dags/elastic_dag.py
[2024-03-30T23:19:04.581+0000] {processor.py:766} INFO - DAG(s) dict_keys(['elastic_dag']) retrieved from /opt/airflow/dags/elastic_dag.py
[2024-03-30T23:19:04.661+0000] {logging_mixin.py:120} INFO - [2024-03-30T23:19:04.660+0000] {manager.py:507} INFO - Created Permission View: can delete on DAG:elastic_dag
[2024-03-30T23:19:04.664+0000] {logging_mixin.py:120} INFO - [2024-03-30T23:19:04.664+0000] {manager.py:507} INFO - Created Permission View: can edit on DAG:elastic_dag
[2024-03-30T23:19:04.666+0000] {logging_mixin.py:120} INFO - [2024-03-30T23:19:04.666+0000] {manager.py:507} INFO - Created Permission View: can read on DAG:elastic_dag
[2024-03-30T23:19:04.666+0000] {logging_mixin.py:120} INFO - [2024-03-30T23:19:04.666+0000] {dag.py:2585} INFO - Sync 1 DAGs
[2024-03-30T23:19:04.672+0000] {logging_mixin.py:120} INFO - [2024-03-30T23:19:04.672+0000] {dag.py:2606} INFO - Creating ORM DAG for elastic_dag
[2024-03-30T23:19:04.678+0000] {logging_mixin.py:120} INFO - [2024-03-30T23:19:04.678+0000] {dag.py:3340} INFO - Setting next_dagrun for elastic_dag to 2024-03-29T00:00:00+00:00, run_after=2024-03-30T00:00:00+00:00
[2024-03-30T23:19:04.685+0000] {processor.py:176} INFO - Processing /opt/airflow/dags/elastic_dag.py took 0.243 seconds
[2024-03-30T23:19:34.985+0000] {processor.py:154} INFO - Started process (PID=434) to work on /opt/airflow/dags/elastic_dag.py
[2024-03-30T23:19:34.987+0000] {processor.py:756} INFO - Processing file /opt/airflow/dags/elastic_dag.py for tasks to queue
[2024-03-30T23:19:34.988+0000] {logging_mixin.py:120} INFO - [2024-03-30T23:19:34.988+0000] {dagbag.py:537} INFO - Filling up the DagBag from /opt/airflow/dags/elastic_dag.py
[2024-03-30T23:19:35.129+0000] {processor.py:766} INFO - DAG(s) dict_keys(['elastic_dag']) retrieved from /opt/airflow/dags/elastic_dag.py
[2024-03-30T23:19:35.148+0000] {logging_mixin.py:120} INFO - [2024-03-30T23:19:35.148+0000] {dag.py:2585} INFO - Sync 1 DAGs
[2024-03-30T23:19:35.162+0000] {logging_mixin.py:120} INFO - [2024-03-30T23:19:35.162+0000] {dag.py:3340} INFO - Setting next_dagrun for elastic_dag to 2024-03-29T00:00:00+00:00, run_after=2024-03-30T00:00:00+00:00
[2024-03-30T23:19:35.170+0000] {processor.py:176} INFO - Processing /opt/airflow/dags/elastic_dag.py took 0.191 seconds
[2024-03-30T23:20:05.725+0000] {processor.py:154} INFO - Started process (PID=471) to work on /opt/airflow/dags/elastic_dag.py
[2024-03-30T23:20:05.726+0000] {processor.py:756} INFO - Processing file /opt/airflow/dags/elastic_dag.py for tasks to queue
[2024-03-30T23:20:05.727+0000] {logging_mixin.py:120} INFO - [2024-03-30T23:20:05.726+0000] {dagbag.py:537} INFO - Filling up the DagBag from /opt/airflow/dags/elastic_dag.py
[2024-03-30T23:20:06.105+0000] {processor.py:766} INFO - DAG(s) dict_keys(['elastic_dag']) retrieved from /opt/airflow/dags/elastic_dag.py
[2024-03-30T23:20:06.152+0000] {logging_mixin.py:120} INFO - [2024-03-30T23:20:06.152+0000] {dag.py:2585} INFO - Sync 1 DAGs
[2024-03-30T23:20:06.177+0000] {logging_mixin.py:120} INFO - [2024-03-30T23:20:06.177+0000] {dag.py:3340} INFO - Setting next_dagrun for elastic_dag to 2024-03-29T00:00:00+00:00, run_after=2024-03-30T00:00:00+00:00
[2024-03-30T23:20:06.189+0000] {processor.py:176} INFO - Processing /opt/airflow/dags/elastic_dag.py took 0.467 seconds
[2024-03-30T23:20:36.609+0000] {processor.py:154} INFO - Started process (PID=509) to work on /opt/airflow/dags/elastic_dag.py
[2024-03-30T23:20:36.610+0000] {processor.py:756} INFO - Processing file /opt/airflow/dags/elastic_dag.py for tasks to queue
[2024-03-30T23:20:36.611+0000] {logging_mixin.py:120} INFO - [2024-03-30T23:20:36.611+0000] {dagbag.py:537} INFO - Filling up the DagBag from /opt/airflow/dags/elastic_dag.py
[2024-03-30T23:20:36.803+0000] {processor.py:766} INFO - DAG(s) dict_keys(['elastic_dag']) retrieved from /opt/airflow/dags/elastic_dag.py
[2024-03-30T23:20:36.841+0000] {logging_mixin.py:120} INFO - [2024-03-30T23:20:36.841+0000] {dag.py:2585} INFO - Sync 1 DAGs
[2024-03-30T23:20:36.859+0000] {logging_mixin.py:120} INFO - [2024-03-30T23:20:36.859+0000] {dag.py:3340} INFO - Setting next_dagrun for elastic_dag to 2024-03-29T00:00:00+00:00, run_after=2024-03-30T00:00:00+00:00
[2024-03-30T23:20:36.869+0000] {processor.py:176} INFO - Processing /opt/airflow/dags/elastic_dag.py took 0.263 seconds
[2024-03-30T23:21:06.913+0000] {processor.py:154} INFO - Started process (PID=547) to work on /opt/airflow/dags/elastic_dag.py
[2024-03-30T23:21:06.914+0000] {processor.py:756} INFO - Processing file /opt/airflow/dags/elastic_dag.py for tasks to queue
[2024-03-30T23:21:06.914+0000] {logging_mixin.py:120} INFO - [2024-03-30T23:21:06.914+0000] {dagbag.py:537} INFO - Filling up the DagBag from /opt/airflow/dags/elastic_dag.py
[2024-03-30T23:21:07.053+0000] {processor.py:766} INFO - DAG(s) dict_keys(['elastic_dag']) retrieved from /opt/airflow/dags/elastic_dag.py
[2024-03-30T23:21:07.073+0000] {logging_mixin.py:120} INFO - [2024-03-30T23:21:07.073+0000] {dag.py:2585} INFO - Sync 1 DAGs
[2024-03-30T23:21:07.088+0000] {logging_mixin.py:120} INFO - [2024-03-30T23:21:07.088+0000] {dag.py:3340} INFO - Setting next_dagrun for elastic_dag to 2024-03-29T00:00:00+00:00, run_after=2024-03-30T00:00:00+00:00
[2024-03-30T23:21:07.095+0000] {processor.py:176} INFO - Processing /opt/airflow/dags/elastic_dag.py took 0.188 seconds
[2024-03-30T23:21:37.631+0000] {processor.py:154} INFO - Started process (PID=575) to work on /opt/airflow/dags/elastic_dag.py
[2024-03-30T23:21:37.632+0000] {processor.py:756} INFO - Processing file /opt/airflow/dags/elastic_dag.py for tasks to queue
[2024-03-30T23:21:37.632+0000] {logging_mixin.py:120} INFO - [2024-03-30T23:21:37.632+0000] {dagbag.py:537} INFO - Filling up the DagBag from /opt/airflow/dags/elastic_dag.py
[2024-03-30T23:21:37.743+0000] {processor.py:766} INFO - DAG(s) dict_keys(['elastic_dag']) retrieved from /opt/airflow/dags/elastic_dag.py
[2024-03-30T23:21:37.761+0000] {logging_mixin.py:120} INFO - [2024-03-30T23:21:37.761+0000] {dag.py:2585} INFO - Sync 1 DAGs
[2024-03-30T23:21:37.773+0000] {logging_mixin.py:120} INFO - [2024-03-30T23:21:37.773+0000] {dag.py:3340} INFO - Setting next_dagrun for elastic_dag to 2024-03-29T00:00:00+00:00, run_after=2024-03-30T00:00:00+00:00
[2024-03-30T23:21:37.780+0000] {processor.py:176} INFO - Processing /opt/airflow/dags/elastic_dag.py took 0.151 seconds
[2024-03-30T23:22:08.173+0000] {processor.py:154} INFO - Started process (PID=613) to work on /opt/airflow/dags/elastic_dag.py
[2024-03-30T23:22:08.175+0000] {processor.py:756} INFO - Processing file /opt/airflow/dags/elastic_dag.py for tasks to queue
[2024-03-30T23:22:08.176+0000] {logging_mixin.py:120} INFO - [2024-03-30T23:22:08.176+0000] {dagbag.py:537} INFO - Filling up the DagBag from /opt/airflow/dags/elastic_dag.py
[2024-03-30T23:22:08.323+0000] {processor.py:766} INFO - DAG(s) dict_keys(['elastic_dag']) retrieved from /opt/airflow/dags/elastic_dag.py
[2024-03-30T23:22:08.350+0000] {logging_mixin.py:120} INFO - [2024-03-30T23:22:08.350+0000] {dag.py:2585} INFO - Sync 1 DAGs
[2024-03-30T23:22:08.364+0000] {logging_mixin.py:120} INFO - [2024-03-30T23:22:08.364+0000] {dag.py:3340} INFO - Setting next_dagrun for elastic_dag to 2024-03-29T00:00:00+00:00, run_after=2024-03-30T00:00:00+00:00
[2024-03-30T23:22:08.372+0000] {processor.py:176} INFO - Processing /opt/airflow/dags/elastic_dag.py took 0.206 seconds
[2024-03-30T23:22:38.929+0000] {processor.py:154} INFO - Started process (PID=651) to work on /opt/airflow/dags/elastic_dag.py
[2024-03-30T23:22:38.930+0000] {processor.py:756} INFO - Processing file /opt/airflow/dags/elastic_dag.py for tasks to queue
[2024-03-30T23:22:38.931+0000] {logging_mixin.py:120} INFO - [2024-03-30T23:22:38.931+0000] {dagbag.py:537} INFO - Filling up the DagBag from /opt/airflow/dags/elastic_dag.py
[2024-03-30T23:22:39.059+0000] {processor.py:766} INFO - DAG(s) dict_keys(['elastic_dag']) retrieved from /opt/airflow/dags/elastic_dag.py
[2024-03-30T23:22:39.077+0000] {logging_mixin.py:120} INFO - [2024-03-30T23:22:39.077+0000] {dag.py:2585} INFO - Sync 1 DAGs
[2024-03-30T23:22:39.089+0000] {logging_mixin.py:120} INFO - [2024-03-30T23:22:39.089+0000] {dag.py:3340} INFO - Setting next_dagrun for elastic_dag to 2024-03-29T00:00:00+00:00, run_after=2024-03-30T00:00:00+00:00
[2024-03-30T23:22:39.096+0000] {processor.py:176} INFO - Processing /opt/airflow/dags/elastic_dag.py took 0.172 seconds
[2024-03-30T23:23:09.638+0000] {processor.py:154} INFO - Started process (PID=689) to work on /opt/airflow/dags/elastic_dag.py
[2024-03-30T23:23:09.640+0000] {processor.py:756} INFO - Processing file /opt/airflow/dags/elastic_dag.py for tasks to queue
[2024-03-30T23:23:09.641+0000] {logging_mixin.py:120} INFO - [2024-03-30T23:23:09.641+0000] {dagbag.py:537} INFO - Filling up the DagBag from /opt/airflow/dags/elastic_dag.py
[2024-03-30T23:23:09.787+0000] {processor.py:766} INFO - DAG(s) dict_keys(['elastic_dag']) retrieved from /opt/airflow/dags/elastic_dag.py
[2024-03-30T23:23:09.806+0000] {logging_mixin.py:120} INFO - [2024-03-30T23:23:09.806+0000] {dag.py:2585} INFO - Sync 1 DAGs
[2024-03-30T23:23:09.819+0000] {logging_mixin.py:120} INFO - [2024-03-30T23:23:09.819+0000] {dag.py:3340} INFO - Setting next_dagrun for elastic_dag to 2024-03-29T00:00:00+00:00, run_after=2024-03-30T00:00:00+00:00
[2024-03-30T23:23:09.827+0000] {processor.py:176} INFO - Processing /opt/airflow/dags/elastic_dag.py took 0.196 seconds
[2024-03-30T23:23:40.321+0000] {processor.py:154} INFO - Started process (PID=727) to work on /opt/airflow/dags/elastic_dag.py
[2024-03-30T23:23:40.322+0000] {processor.py:756} INFO - Processing file /opt/airflow/dags/elastic_dag.py for tasks to queue
[2024-03-30T23:23:40.322+0000] {logging_mixin.py:120} INFO - [2024-03-30T23:23:40.322+0000] {dagbag.py:537} INFO - Filling up the DagBag from /opt/airflow/dags/elastic_dag.py
[2024-03-30T23:23:40.426+0000] {processor.py:766} INFO - DAG(s) dict_keys(['elastic_dag']) retrieved from /opt/airflow/dags/elastic_dag.py
[2024-03-30T23:23:40.442+0000] {logging_mixin.py:120} INFO - [2024-03-30T23:23:40.442+0000] {dag.py:2585} INFO - Sync 1 DAGs
[2024-03-30T23:23:40.452+0000] {logging_mixin.py:120} INFO - [2024-03-30T23:23:40.452+0000] {dag.py:3340} INFO - Setting next_dagrun for elastic_dag to 2024-03-29T00:00:00+00:00, run_after=2024-03-30T00:00:00+00:00
[2024-03-30T23:23:40.460+0000] {processor.py:176} INFO - Processing /opt/airflow/dags/elastic_dag.py took 0.141 seconds
[2024-03-30T23:24:10.990+0000] {processor.py:154} INFO - Started process (PID=765) to work on /opt/airflow/dags/elastic_dag.py
[2024-03-30T23:24:10.991+0000] {processor.py:756} INFO - Processing file /opt/airflow/dags/elastic_dag.py for tasks to queue
[2024-03-30T23:24:10.992+0000] {logging_mixin.py:120} INFO - [2024-03-30T23:24:10.992+0000] {dagbag.py:537} INFO - Filling up the DagBag from /opt/airflow/dags/elastic_dag.py
[2024-03-30T23:24:11.139+0000] {processor.py:766} INFO - DAG(s) dict_keys(['elastic_dag']) retrieved from /opt/airflow/dags/elastic_dag.py
[2024-03-30T23:24:11.156+0000] {logging_mixin.py:120} INFO - [2024-03-30T23:24:11.156+0000] {dag.py:2585} INFO - Sync 1 DAGs
[2024-03-30T23:24:11.167+0000] {logging_mixin.py:120} INFO - [2024-03-30T23:24:11.167+0000] {dag.py:3340} INFO - Setting next_dagrun for elastic_dag to 2024-03-29T00:00:00+00:00, run_after=2024-03-30T00:00:00+00:00
[2024-03-30T23:24:11.174+0000] {processor.py:176} INFO - Processing /opt/airflow/dags/elastic_dag.py took 0.189 seconds
[2024-03-30T23:24:41.550+0000] {processor.py:154} INFO - Started process (PID=803) to work on /opt/airflow/dags/elastic_dag.py
[2024-03-30T23:24:41.551+0000] {processor.py:756} INFO - Processing file /opt/airflow/dags/elastic_dag.py for tasks to queue
[2024-03-30T23:24:41.551+0000] {logging_mixin.py:120} INFO - [2024-03-30T23:24:41.551+0000] {dagbag.py:537} INFO - Filling up the DagBag from /opt/airflow/dags/elastic_dag.py
[2024-03-30T23:24:41.694+0000] {processor.py:766} INFO - DAG(s) dict_keys(['elastic_dag']) retrieved from /opt/airflow/dags/elastic_dag.py
[2024-03-30T23:24:41.715+0000] {logging_mixin.py:120} INFO - [2024-03-30T23:24:41.715+0000] {dag.py:2585} INFO - Sync 1 DAGs
[2024-03-30T23:24:41.728+0000] {logging_mixin.py:120} INFO - [2024-03-30T23:24:41.728+0000] {dag.py:3340} INFO - Setting next_dagrun for elastic_dag to 2024-03-29T00:00:00+00:00, run_after=2024-03-30T00:00:00+00:00
[2024-03-30T23:24:41.736+0000] {processor.py:176} INFO - Processing /opt/airflow/dags/elastic_dag.py took 0.190 seconds
[2024-03-30T23:25:11.930+0000] {processor.py:154} INFO - Started process (PID=842) to work on /opt/airflow/dags/elastic_dag.py
[2024-03-30T23:25:11.932+0000] {processor.py:756} INFO - Processing file /opt/airflow/dags/elastic_dag.py for tasks to queue
[2024-03-30T23:25:11.933+0000] {logging_mixin.py:120} INFO - [2024-03-30T23:25:11.933+0000] {dagbag.py:537} INFO - Filling up the DagBag from /opt/airflow/dags/elastic_dag.py
[2024-03-30T23:25:12.121+0000] {processor.py:766} INFO - DAG(s) dict_keys(['elastic_dag']) retrieved from /opt/airflow/dags/elastic_dag.py
[2024-03-30T23:25:12.146+0000] {logging_mixin.py:120} INFO - [2024-03-30T23:25:12.146+0000] {dag.py:2585} INFO - Sync 1 DAGs
[2024-03-30T23:25:12.160+0000] {logging_mixin.py:120} INFO - [2024-03-30T23:25:12.160+0000] {dag.py:3340} INFO - Setting next_dagrun for elastic_dag to 2024-03-29T00:00:00+00:00, run_after=2024-03-30T00:00:00+00:00
[2024-03-30T23:25:12.167+0000] {processor.py:176} INFO - Processing /opt/airflow/dags/elastic_dag.py took 0.245 seconds
[2024-03-30T23:25:42.470+0000] {processor.py:154} INFO - Started process (PID=871) to work on /opt/airflow/dags/elastic_dag.py
[2024-03-30T23:25:42.472+0000] {processor.py:756} INFO - Processing file /opt/airflow/dags/elastic_dag.py for tasks to queue
[2024-03-30T23:25:42.473+0000] {logging_mixin.py:120} INFO - [2024-03-30T23:25:42.472+0000] {dagbag.py:537} INFO - Filling up the DagBag from /opt/airflow/dags/elastic_dag.py
[2024-03-30T23:25:42.625+0000] {processor.py:766} INFO - DAG(s) dict_keys(['elastic_dag']) retrieved from /opt/airflow/dags/elastic_dag.py
[2024-03-30T23:25:42.645+0000] {logging_mixin.py:120} INFO - [2024-03-30T23:25:42.645+0000] {dag.py:2585} INFO - Sync 1 DAGs
[2024-03-30T23:25:42.658+0000] {logging_mixin.py:120} INFO - [2024-03-30T23:25:42.658+0000] {dag.py:3340} INFO - Setting next_dagrun for elastic_dag to 2024-03-29T00:00:00+00:00, run_after=2024-03-30T00:00:00+00:00
[2024-03-30T23:25:42.666+0000] {processor.py:176} INFO - Processing /opt/airflow/dags/elastic_dag.py took 0.202 seconds
[2024-03-30T23:26:13.074+0000] {processor.py:154} INFO - Started process (PID=910) to work on /opt/airflow/dags/elastic_dag.py
[2024-03-30T23:26:13.076+0000] {processor.py:756} INFO - Processing file /opt/airflow/dags/elastic_dag.py for tasks to queue
[2024-03-30T23:26:13.077+0000] {logging_mixin.py:120} INFO - [2024-03-30T23:26:13.077+0000] {dagbag.py:537} INFO - Filling up the DagBag from /opt/airflow/dags/elastic_dag.py
[2024-03-30T23:26:13.290+0000] {processor.py:766} INFO - DAG(s) dict_keys(['elastic_dag']) retrieved from /opt/airflow/dags/elastic_dag.py
[2024-03-30T23:26:13.320+0000] {logging_mixin.py:120} INFO - [2024-03-30T23:26:13.319+0000] {dag.py:2585} INFO - Sync 1 DAGs
[2024-03-30T23:26:13.337+0000] {logging_mixin.py:120} INFO - [2024-03-30T23:26:13.337+0000] {dag.py:3340} INFO - Setting next_dagrun for elastic_dag to 2024-03-29T00:00:00+00:00, run_after=2024-03-30T00:00:00+00:00
[2024-03-30T23:26:13.347+0000] {processor.py:176} INFO - Processing /opt/airflow/dags/elastic_dag.py took 0.280 seconds
[2024-03-30T23:26:43.587+0000] {processor.py:154} INFO - Started process (PID=947) to work on /opt/airflow/dags/elastic_dag.py
[2024-03-30T23:26:43.591+0000] {processor.py:756} INFO - Processing file /opt/airflow/dags/elastic_dag.py for tasks to queue
[2024-03-30T23:26:43.592+0000] {logging_mixin.py:120} INFO - [2024-03-30T23:26:43.592+0000] {dagbag.py:537} INFO - Filling up the DagBag from /opt/airflow/dags/elastic_dag.py
[2024-03-30T23:26:43.743+0000] {processor.py:766} INFO - DAG(s) dict_keys(['elastic_dag']) retrieved from /opt/airflow/dags/elastic_dag.py
[2024-03-30T23:26:43.763+0000] {logging_mixin.py:120} INFO - [2024-03-30T23:26:43.763+0000] {dag.py:2585} INFO - Sync 1 DAGs
[2024-03-30T23:26:43.776+0000] {logging_mixin.py:120} INFO - [2024-03-30T23:26:43.776+0000] {dag.py:3340} INFO - Setting next_dagrun for elastic_dag to 2024-03-29T00:00:00+00:00, run_after=2024-03-30T00:00:00+00:00
[2024-03-30T23:26:43.785+0000] {processor.py:176} INFO - Processing /opt/airflow/dags/elastic_dag.py took 0.204 seconds
[2024-03-30T23:27:14.160+0000] {processor.py:154} INFO - Started process (PID=985) to work on /opt/airflow/dags/elastic_dag.py
[2024-03-30T23:27:14.164+0000] {processor.py:756} INFO - Processing file /opt/airflow/dags/elastic_dag.py for tasks to queue
[2024-03-30T23:27:14.165+0000] {logging_mixin.py:120} INFO - [2024-03-30T23:27:14.165+0000] {dagbag.py:537} INFO - Filling up the DagBag from /opt/airflow/dags/elastic_dag.py
[2024-03-30T23:27:14.343+0000] {processor.py:766} INFO - DAG(s) dict_keys(['elastic_dag']) retrieved from /opt/airflow/dags/elastic_dag.py
[2024-03-30T23:27:14.363+0000] {logging_mixin.py:120} INFO - [2024-03-30T23:27:14.363+0000] {dag.py:2585} INFO - Sync 1 DAGs
[2024-03-30T23:27:14.377+0000] {logging_mixin.py:120} INFO - [2024-03-30T23:27:14.377+0000] {dag.py:3340} INFO - Setting next_dagrun for elastic_dag to 2024-03-29T00:00:00+00:00, run_after=2024-03-30T00:00:00+00:00
[2024-03-30T23:27:14.384+0000] {processor.py:176} INFO - Processing /opt/airflow/dags/elastic_dag.py took 0.233 seconds
[2024-03-30T23:27:44.734+0000] {processor.py:154} INFO - Started process (PID=1023) to work on /opt/airflow/dags/elastic_dag.py
[2024-03-30T23:27:44.735+0000] {processor.py:756} INFO - Processing file /opt/airflow/dags/elastic_dag.py for tasks to queue
[2024-03-30T23:27:44.736+0000] {logging_mixin.py:120} INFO - [2024-03-30T23:27:44.736+0000] {dagbag.py:537} INFO - Filling up the DagBag from /opt/airflow/dags/elastic_dag.py
[2024-03-30T23:27:44.879+0000] {processor.py:766} INFO - DAG(s) dict_keys(['elastic_dag']) retrieved from /opt/airflow/dags/elastic_dag.py
[2024-03-30T23:27:44.898+0000] {logging_mixin.py:120} INFO - [2024-03-30T23:27:44.898+0000] {dag.py:2585} INFO - Sync 1 DAGs
[2024-03-30T23:27:44.911+0000] {logging_mixin.py:120} INFO - [2024-03-30T23:27:44.911+0000] {dag.py:3340} INFO - Setting next_dagrun for elastic_dag to 2024-03-29T00:00:00+00:00, run_after=2024-03-30T00:00:00+00:00
[2024-03-30T23:27:44.919+0000] {processor.py:176} INFO - Processing /opt/airflow/dags/elastic_dag.py took 0.193 seconds
[2024-03-30T23:28:15.540+0000] {processor.py:154} INFO - Started process (PID=1060) to work on /opt/airflow/dags/elastic_dag.py
[2024-03-30T23:28:15.541+0000] {processor.py:756} INFO - Processing file /opt/airflow/dags/elastic_dag.py for tasks to queue
[2024-03-30T23:28:15.542+0000] {logging_mixin.py:120} INFO - [2024-03-30T23:28:15.542+0000] {dagbag.py:537} INFO - Filling up the DagBag from /opt/airflow/dags/elastic_dag.py
[2024-03-30T23:28:15.709+0000] {processor.py:766} INFO - DAG(s) dict_keys(['elastic_dag']) retrieved from /opt/airflow/dags/elastic_dag.py
[2024-03-30T23:28:15.735+0000] {logging_mixin.py:120} INFO - [2024-03-30T23:28:15.735+0000] {dag.py:2585} INFO - Sync 1 DAGs
[2024-03-30T23:28:15.751+0000] {logging_mixin.py:120} INFO - [2024-03-30T23:28:15.751+0000] {dag.py:3340} INFO - Setting next_dagrun for elastic_dag to 2024-03-29T00:00:00+00:00, run_after=2024-03-30T00:00:00+00:00
[2024-03-30T23:28:15.760+0000] {processor.py:176} INFO - Processing /opt/airflow/dags/elastic_dag.py took 0.223 seconds
[2024-03-30T23:28:46.330+0000] {processor.py:154} INFO - Started process (PID=1098) to work on /opt/airflow/dags/elastic_dag.py
[2024-03-30T23:28:46.331+0000] {processor.py:756} INFO - Processing file /opt/airflow/dags/elastic_dag.py for tasks to queue
[2024-03-30T23:28:46.332+0000] {logging_mixin.py:120} INFO - [2024-03-30T23:28:46.332+0000] {dagbag.py:537} INFO - Filling up the DagBag from /opt/airflow/dags/elastic_dag.py
[2024-03-30T23:28:46.552+0000] {processor.py:766} INFO - DAG(s) dict_keys(['elastic_dag']) retrieved from /opt/airflow/dags/elastic_dag.py
[2024-03-30T23:28:46.582+0000] {logging_mixin.py:120} INFO - [2024-03-30T23:28:46.581+0000] {dag.py:2585} INFO - Sync 1 DAGs
[2024-03-30T23:28:46.599+0000] {logging_mixin.py:120} INFO - [2024-03-30T23:28:46.599+0000] {dag.py:3340} INFO - Setting next_dagrun for elastic_dag to 2024-03-29T00:00:00+00:00, run_after=2024-03-30T00:00:00+00:00
[2024-03-30T23:28:46.608+0000] {processor.py:176} INFO - Processing /opt/airflow/dags/elastic_dag.py took 0.281 seconds
[2024-03-30T23:29:17.181+0000] {processor.py:154} INFO - Started process (PID=1135) to work on /opt/airflow/dags/elastic_dag.py
[2024-03-30T23:29:17.182+0000] {processor.py:756} INFO - Processing file /opt/airflow/dags/elastic_dag.py for tasks to queue
[2024-03-30T23:29:17.183+0000] {logging_mixin.py:120} INFO - [2024-03-30T23:29:17.183+0000] {dagbag.py:537} INFO - Filling up the DagBag from /opt/airflow/dags/elastic_dag.py
[2024-03-30T23:29:17.536+0000] {processor.py:766} INFO - DAG(s) dict_keys(['elastic_dag']) retrieved from /opt/airflow/dags/elastic_dag.py
[2024-03-30T23:29:17.602+0000] {logging_mixin.py:120} INFO - [2024-03-30T23:29:17.602+0000] {dag.py:2585} INFO - Sync 1 DAGs
[2024-03-30T23:29:17.638+0000] {logging_mixin.py:120} INFO - [2024-03-30T23:29:17.638+0000] {dag.py:3340} INFO - Setting next_dagrun for elastic_dag to 2024-03-29T00:00:00+00:00, run_after=2024-03-30T00:00:00+00:00
[2024-03-30T23:29:17.658+0000] {processor.py:176} INFO - Processing /opt/airflow/dags/elastic_dag.py took 0.482 seconds
[2024-03-30T23:29:48.149+0000] {processor.py:154} INFO - Started process (PID=1164) to work on /opt/airflow/dags/elastic_dag.py
[2024-03-30T23:29:48.150+0000] {processor.py:756} INFO - Processing file /opt/airflow/dags/elastic_dag.py for tasks to queue
[2024-03-30T23:29:48.150+0000] {logging_mixin.py:120} INFO - [2024-03-30T23:29:48.150+0000] {dagbag.py:537} INFO - Filling up the DagBag from /opt/airflow/dags/elastic_dag.py
[2024-03-30T23:29:48.309+0000] {processor.py:766} INFO - DAG(s) dict_keys(['elastic_dag']) retrieved from /opt/airflow/dags/elastic_dag.py
[2024-03-30T23:29:48.353+0000] {logging_mixin.py:120} INFO - [2024-03-30T23:29:48.353+0000] {dag.py:2585} INFO - Sync 1 DAGs
[2024-03-30T23:29:48.375+0000] {logging_mixin.py:120} INFO - [2024-03-30T23:29:48.375+0000] {dag.py:3340} INFO - Setting next_dagrun for elastic_dag to 2024-03-29T00:00:00+00:00, run_after=2024-03-30T00:00:00+00:00
[2024-03-30T23:29:48.385+0000] {processor.py:176} INFO - Processing /opt/airflow/dags/elastic_dag.py took 0.239 seconds
[2024-03-30T23:30:18.763+0000] {processor.py:154} INFO - Started process (PID=1202) to work on /opt/airflow/dags/elastic_dag.py
[2024-03-30T23:30:18.765+0000] {processor.py:756} INFO - Processing file /opt/airflow/dags/elastic_dag.py for tasks to queue
[2024-03-30T23:30:18.766+0000] {logging_mixin.py:120} INFO - [2024-03-30T23:30:18.766+0000] {dagbag.py:537} INFO - Filling up the DagBag from /opt/airflow/dags/elastic_dag.py
[2024-03-30T23:30:18.958+0000] {processor.py:766} INFO - DAG(s) dict_keys(['elastic_dag']) retrieved from /opt/airflow/dags/elastic_dag.py
[2024-03-30T23:30:18.981+0000] {logging_mixin.py:120} INFO - [2024-03-30T23:30:18.981+0000] {dag.py:2585} INFO - Sync 1 DAGs
[2024-03-30T23:30:18.995+0000] {logging_mixin.py:120} INFO - [2024-03-30T23:30:18.995+0000] {dag.py:3340} INFO - Setting next_dagrun for elastic_dag to 2024-03-29T00:00:00+00:00, run_after=2024-03-30T00:00:00+00:00
[2024-03-30T23:30:19.004+0000] {processor.py:176} INFO - Processing /opt/airflow/dags/elastic_dag.py took 0.246 seconds
[2024-03-30T23:30:49.270+0000] {processor.py:154} INFO - Started process (PID=1239) to work on /opt/airflow/dags/elastic_dag.py
[2024-03-30T23:30:49.272+0000] {processor.py:756} INFO - Processing file /opt/airflow/dags/elastic_dag.py for tasks to queue
[2024-03-30T23:30:49.272+0000] {logging_mixin.py:120} INFO - [2024-03-30T23:30:49.272+0000] {dagbag.py:537} INFO - Filling up the DagBag from /opt/airflow/dags/elastic_dag.py
[2024-03-30T23:30:49.427+0000] {processor.py:766} INFO - DAG(s) dict_keys(['elastic_dag']) retrieved from /opt/airflow/dags/elastic_dag.py
[2024-03-30T23:30:49.449+0000] {logging_mixin.py:120} INFO - [2024-03-30T23:30:49.449+0000] {dag.py:2585} INFO - Sync 1 DAGs
[2024-03-30T23:30:49.464+0000] {logging_mixin.py:120} INFO - [2024-03-30T23:30:49.464+0000] {dag.py:3340} INFO - Setting next_dagrun for elastic_dag to 2024-03-29T00:00:00+00:00, run_after=2024-03-30T00:00:00+00:00
[2024-03-30T23:30:49.473+0000] {processor.py:176} INFO - Processing /opt/airflow/dags/elastic_dag.py took 0.205 seconds
[2024-03-30T23:31:19.828+0000] {processor.py:154} INFO - Started process (PID=1277) to work on /opt/airflow/dags/elastic_dag.py
[2024-03-30T23:31:19.830+0000] {processor.py:756} INFO - Processing file /opt/airflow/dags/elastic_dag.py for tasks to queue
[2024-03-30T23:31:19.831+0000] {logging_mixin.py:120} INFO - [2024-03-30T23:31:19.831+0000] {dagbag.py:537} INFO - Filling up the DagBag from /opt/airflow/dags/elastic_dag.py
[2024-03-30T23:31:19.978+0000] {processor.py:766} INFO - DAG(s) dict_keys(['elastic_dag']) retrieved from /opt/airflow/dags/elastic_dag.py
[2024-03-30T23:31:19.999+0000] {logging_mixin.py:120} INFO - [2024-03-30T23:31:19.998+0000] {dag.py:2585} INFO - Sync 1 DAGs
[2024-03-30T23:31:20.049+0000] {logging_mixin.py:120} INFO - [2024-03-30T23:31:20.049+0000] {dag.py:3340} INFO - Setting next_dagrun for elastic_dag to 2024-03-29T00:00:00+00:00, run_after=2024-03-30T00:00:00+00:00
[2024-03-30T23:31:20.058+0000] {processor.py:176} INFO - Processing /opt/airflow/dags/elastic_dag.py took 0.236 seconds
[2024-03-30T23:31:50.659+0000] {processor.py:154} INFO - Started process (PID=1315) to work on /opt/airflow/dags/elastic_dag.py
[2024-03-30T23:31:50.659+0000] {processor.py:756} INFO - Processing file /opt/airflow/dags/elastic_dag.py for tasks to queue
[2024-03-30T23:31:50.660+0000] {logging_mixin.py:120} INFO - [2024-03-30T23:31:50.660+0000] {dagbag.py:537} INFO - Filling up the DagBag from /opt/airflow/dags/elastic_dag.py
[2024-03-30T23:31:50.776+0000] {processor.py:766} INFO - DAG(s) dict_keys(['elastic_dag']) retrieved from /opt/airflow/dags/elastic_dag.py
[2024-03-30T23:31:50.792+0000] {logging_mixin.py:120} INFO - [2024-03-30T23:31:50.792+0000] {dag.py:2585} INFO - Sync 1 DAGs
[2024-03-30T23:31:50.803+0000] {logging_mixin.py:120} INFO - [2024-03-30T23:31:50.803+0000] {dag.py:3340} INFO - Setting next_dagrun for elastic_dag to 2024-03-29T00:00:00+00:00, run_after=2024-03-30T00:00:00+00:00
[2024-03-30T23:31:50.811+0000] {processor.py:176} INFO - Processing /opt/airflow/dags/elastic_dag.py took 0.154 seconds
[2024-03-30T23:32:21.361+0000] {processor.py:154} INFO - Started process (PID=1353) to work on /opt/airflow/dags/elastic_dag.py
[2024-03-30T23:32:21.363+0000] {processor.py:756} INFO - Processing file /opt/airflow/dags/elastic_dag.py for tasks to queue
[2024-03-30T23:32:21.363+0000] {logging_mixin.py:120} INFO - [2024-03-30T23:32:21.363+0000] {dagbag.py:537} INFO - Filling up the DagBag from /opt/airflow/dags/elastic_dag.py
[2024-03-30T23:32:21.536+0000] {processor.py:766} INFO - DAG(s) dict_keys(['elastic_dag']) retrieved from /opt/airflow/dags/elastic_dag.py
[2024-03-30T23:32:21.566+0000] {logging_mixin.py:120} INFO - [2024-03-30T23:32:21.566+0000] {dag.py:2585} INFO - Sync 1 DAGs
[2024-03-30T23:32:21.581+0000] {logging_mixin.py:120} INFO - [2024-03-30T23:32:21.581+0000] {dag.py:3340} INFO - Setting next_dagrun for elastic_dag to 2024-03-29T00:00:00+00:00, run_after=2024-03-30T00:00:00+00:00
[2024-03-30T23:32:21.594+0000] {processor.py:176} INFO - Processing /opt/airflow/dags/elastic_dag.py took 0.236 seconds
[2024-03-30T23:32:52.148+0000] {processor.py:154} INFO - Started process (PID=1391) to work on /opt/airflow/dags/elastic_dag.py
[2024-03-30T23:32:52.148+0000] {processor.py:756} INFO - Processing file /opt/airflow/dags/elastic_dag.py for tasks to queue
[2024-03-30T23:32:52.149+0000] {logging_mixin.py:120} INFO - [2024-03-30T23:32:52.149+0000] {dagbag.py:537} INFO - Filling up the DagBag from /opt/airflow/dags/elastic_dag.py
[2024-03-30T23:32:52.299+0000] {processor.py:766} INFO - DAG(s) dict_keys(['elastic_dag']) retrieved from /opt/airflow/dags/elastic_dag.py
[2024-03-30T23:32:52.321+0000] {logging_mixin.py:120} INFO - [2024-03-30T23:32:52.321+0000] {dag.py:2585} INFO - Sync 1 DAGs
[2024-03-30T23:32:52.335+0000] {logging_mixin.py:120} INFO - [2024-03-30T23:32:52.335+0000] {dag.py:3340} INFO - Setting next_dagrun for elastic_dag to 2024-03-29T00:00:00+00:00, run_after=2024-03-30T00:00:00+00:00
[2024-03-30T23:32:52.344+0000] {processor.py:176} INFO - Processing /opt/airflow/dags/elastic_dag.py took 0.199 seconds
[2024-03-30T23:33:22.730+0000] {processor.py:154} INFO - Started process (PID=1420) to work on /opt/airflow/dags/elastic_dag.py
[2024-03-30T23:33:22.733+0000] {processor.py:756} INFO - Processing file /opt/airflow/dags/elastic_dag.py for tasks to queue
[2024-03-30T23:33:22.734+0000] {logging_mixin.py:120} INFO - [2024-03-30T23:33:22.734+0000] {dagbag.py:537} INFO - Filling up the DagBag from /opt/airflow/dags/elastic_dag.py
[2024-03-30T23:33:23.038+0000] {processor.py:766} INFO - DAG(s) dict_keys(['elastic_dag']) retrieved from /opt/airflow/dags/elastic_dag.py
[2024-03-30T23:33:23.089+0000] {logging_mixin.py:120} INFO - [2024-03-30T23:33:23.089+0000] {dag.py:2585} INFO - Sync 1 DAGs
[2024-03-30T23:33:23.117+0000] {logging_mixin.py:120} INFO - [2024-03-30T23:33:23.117+0000] {dag.py:3340} INFO - Setting next_dagrun for elastic_dag to 2024-03-29T00:00:00+00:00, run_after=2024-03-30T00:00:00+00:00
[2024-03-30T23:33:23.128+0000] {processor.py:176} INFO - Processing /opt/airflow/dags/elastic_dag.py took 0.403 seconds
[2024-03-30T23:33:53.403+0000] {processor.py:154} INFO - Started process (PID=1458) to work on /opt/airflow/dags/elastic_dag.py
[2024-03-30T23:33:53.407+0000] {processor.py:756} INFO - Processing file /opt/airflow/dags/elastic_dag.py for tasks to queue
[2024-03-30T23:33:53.408+0000] {logging_mixin.py:120} INFO - [2024-03-30T23:33:53.408+0000] {dagbag.py:537} INFO - Filling up the DagBag from /opt/airflow/dags/elastic_dag.py
[2024-03-30T23:33:53.595+0000] {processor.py:766} INFO - DAG(s) dict_keys(['elastic_dag']) retrieved from /opt/airflow/dags/elastic_dag.py
[2024-03-30T23:33:53.618+0000] {logging_mixin.py:120} INFO - [2024-03-30T23:33:53.618+0000] {dag.py:2585} INFO - Sync 1 DAGs
[2024-03-30T23:33:53.634+0000] {logging_mixin.py:120} INFO - [2024-03-30T23:33:53.634+0000] {dag.py:3340} INFO - Setting next_dagrun for elastic_dag to 2024-03-29T00:00:00+00:00, run_after=2024-03-30T00:00:00+00:00
[2024-03-30T23:33:53.644+0000] {processor.py:176} INFO - Processing /opt/airflow/dags/elastic_dag.py took 0.248 seconds
[2024-03-30T23:34:23.953+0000] {processor.py:154} INFO - Started process (PID=1496) to work on /opt/airflow/dags/elastic_dag.py
[2024-03-30T23:34:23.955+0000] {processor.py:756} INFO - Processing file /opt/airflow/dags/elastic_dag.py for tasks to queue
[2024-03-30T23:34:23.956+0000] {logging_mixin.py:120} INFO - [2024-03-30T23:34:23.956+0000] {dagbag.py:537} INFO - Filling up the DagBag from /opt/airflow/dags/elastic_dag.py
[2024-03-30T23:34:24.120+0000] {processor.py:766} INFO - DAG(s) dict_keys(['elastic_dag']) retrieved from /opt/airflow/dags/elastic_dag.py
[2024-03-30T23:34:24.142+0000] {logging_mixin.py:120} INFO - [2024-03-30T23:34:24.142+0000] {dag.py:2585} INFO - Sync 1 DAGs
[2024-03-30T23:34:24.156+0000] {logging_mixin.py:120} INFO - [2024-03-30T23:34:24.156+0000] {dag.py:3340} INFO - Setting next_dagrun for elastic_dag to 2024-03-29T00:00:00+00:00, run_after=2024-03-30T00:00:00+00:00
[2024-03-30T23:34:24.164+0000] {processor.py:176} INFO - Processing /opt/airflow/dags/elastic_dag.py took 0.216 seconds
[2024-03-30T23:34:54.535+0000] {processor.py:154} INFO - Started process (PID=1533) to work on /opt/airflow/dags/elastic_dag.py
[2024-03-30T23:34:54.536+0000] {processor.py:756} INFO - Processing file /opt/airflow/dags/elastic_dag.py for tasks to queue
[2024-03-30T23:34:54.537+0000] {logging_mixin.py:120} INFO - [2024-03-30T23:34:54.537+0000] {dagbag.py:537} INFO - Filling up the DagBag from /opt/airflow/dags/elastic_dag.py
[2024-03-30T23:34:54.669+0000] {processor.py:766} INFO - DAG(s) dict_keys(['elastic_dag']) retrieved from /opt/airflow/dags/elastic_dag.py
[2024-03-30T23:34:54.685+0000] {logging_mixin.py:120} INFO - [2024-03-30T23:34:54.685+0000] {dag.py:2585} INFO - Sync 1 DAGs
[2024-03-30T23:34:54.696+0000] {logging_mixin.py:120} INFO - [2024-03-30T23:34:54.696+0000] {dag.py:3340} INFO - Setting next_dagrun for elastic_dag to 2024-03-29T00:00:00+00:00, run_after=2024-03-30T00:00:00+00:00
[2024-03-30T23:34:54.704+0000] {processor.py:176} INFO - Processing /opt/airflow/dags/elastic_dag.py took 0.175 seconds
[2024-03-30T23:35:25.218+0000] {processor.py:154} INFO - Started process (PID=1571) to work on /opt/airflow/dags/elastic_dag.py
[2024-03-30T23:35:25.220+0000] {processor.py:756} INFO - Processing file /opt/airflow/dags/elastic_dag.py for tasks to queue
[2024-03-30T23:35:25.221+0000] {logging_mixin.py:120} INFO - [2024-03-30T23:35:25.220+0000] {dagbag.py:537} INFO - Filling up the DagBag from /opt/airflow/dags/elastic_dag.py
[2024-03-30T23:35:25.381+0000] {processor.py:766} INFO - DAG(s) dict_keys(['elastic_dag']) retrieved from /opt/airflow/dags/elastic_dag.py
[2024-03-30T23:35:25.401+0000] {logging_mixin.py:120} INFO - [2024-03-30T23:35:25.401+0000] {dag.py:2585} INFO - Sync 1 DAGs
[2024-03-30T23:35:25.415+0000] {logging_mixin.py:120} INFO - [2024-03-30T23:35:25.415+0000] {dag.py:3340} INFO - Setting next_dagrun for elastic_dag to 2024-03-29T00:00:00+00:00, run_after=2024-03-30T00:00:00+00:00
[2024-03-30T23:35:25.423+0000] {processor.py:176} INFO - Processing /opt/airflow/dags/elastic_dag.py took 0.210 seconds
[2024-03-30T23:35:55.797+0000] {processor.py:154} INFO - Started process (PID=1608) to work on /opt/airflow/dags/elastic_dag.py
[2024-03-30T23:35:55.798+0000] {processor.py:756} INFO - Processing file /opt/airflow/dags/elastic_dag.py for tasks to queue
[2024-03-30T23:35:55.799+0000] {logging_mixin.py:120} INFO - [2024-03-30T23:35:55.799+0000] {dagbag.py:537} INFO - Filling up the DagBag from /opt/airflow/dags/elastic_dag.py
[2024-03-30T23:35:56.091+0000] {processor.py:766} INFO - DAG(s) dict_keys(['elastic_dag']) retrieved from /opt/airflow/dags/elastic_dag.py
[2024-03-30T23:35:56.154+0000] {logging_mixin.py:120} INFO - [2024-03-30T23:35:56.154+0000] {dag.py:2585} INFO - Sync 1 DAGs
[2024-03-30T23:35:56.172+0000] {logging_mixin.py:120} INFO - [2024-03-30T23:35:56.172+0000] {dag.py:3340} INFO - Setting next_dagrun for elastic_dag to 2024-03-29T00:00:00+00:00, run_after=2024-03-30T00:00:00+00:00
[2024-03-30T23:35:56.189+0000] {processor.py:176} INFO - Processing /opt/airflow/dags/elastic_dag.py took 0.395 seconds
[2024-03-30T23:36:26.648+0000] {processor.py:154} INFO - Started process (PID=1645) to work on /opt/airflow/dags/elastic_dag.py
[2024-03-30T23:36:26.650+0000] {processor.py:756} INFO - Processing file /opt/airflow/dags/elastic_dag.py for tasks to queue
[2024-03-30T23:36:26.652+0000] {logging_mixin.py:120} INFO - [2024-03-30T23:36:26.651+0000] {dagbag.py:537} INFO - Filling up the DagBag from /opt/airflow/dags/elastic_dag.py
[2024-03-30T23:36:26.850+0000] {processor.py:766} INFO - DAG(s) dict_keys(['elastic_dag']) retrieved from /opt/airflow/dags/elastic_dag.py
[2024-03-30T23:36:26.872+0000] {logging_mixin.py:120} INFO - [2024-03-30T23:36:26.871+0000] {dag.py:2585} INFO - Sync 1 DAGs
[2024-03-30T23:36:26.886+0000] {logging_mixin.py:120} INFO - [2024-03-30T23:36:26.886+0000] {dag.py:3340} INFO - Setting next_dagrun for elastic_dag to 2024-03-29T00:00:00+00:00, run_after=2024-03-30T00:00:00+00:00
[2024-03-30T23:36:26.894+0000] {processor.py:176} INFO - Processing /opt/airflow/dags/elastic_dag.py took 0.253 seconds
[2024-03-30T23:36:57.207+0000] {processor.py:154} INFO - Started process (PID=1683) to work on /opt/airflow/dags/elastic_dag.py
[2024-03-30T23:36:57.208+0000] {processor.py:756} INFO - Processing file /opt/airflow/dags/elastic_dag.py for tasks to queue
[2024-03-30T23:36:57.209+0000] {logging_mixin.py:120} INFO - [2024-03-30T23:36:57.209+0000] {dagbag.py:537} INFO - Filling up the DagBag from /opt/airflow/dags/elastic_dag.py
[2024-03-30T23:36:57.377+0000] {processor.py:766} INFO - DAG(s) dict_keys(['elastic_dag']) retrieved from /opt/airflow/dags/elastic_dag.py
[2024-03-30T23:36:57.398+0000] {logging_mixin.py:120} INFO - [2024-03-30T23:36:57.397+0000] {dag.py:2585} INFO - Sync 1 DAGs
[2024-03-30T23:36:57.411+0000] {logging_mixin.py:120} INFO - [2024-03-30T23:36:57.411+0000] {dag.py:3340} INFO - Setting next_dagrun for elastic_dag to 2024-03-29T00:00:00+00:00, run_after=2024-03-30T00:00:00+00:00
[2024-03-30T23:36:57.419+0000] {processor.py:176} INFO - Processing /opt/airflow/dags/elastic_dag.py took 0.214 seconds
[2024-03-30T23:37:27.801+0000] {processor.py:154} INFO - Started process (PID=1712) to work on /opt/airflow/dags/elastic_dag.py
[2024-03-30T23:37:27.805+0000] {processor.py:756} INFO - Processing file /opt/airflow/dags/elastic_dag.py for tasks to queue
[2024-03-30T23:37:27.806+0000] {logging_mixin.py:120} INFO - [2024-03-30T23:37:27.806+0000] {dagbag.py:537} INFO - Filling up the DagBag from /opt/airflow/dags/elastic_dag.py
[2024-03-30T23:37:28.017+0000] {processor.py:766} INFO - DAG(s) dict_keys(['elastic_dag']) retrieved from /opt/airflow/dags/elastic_dag.py
[2024-03-30T23:37:28.067+0000] {logging_mixin.py:120} INFO - [2024-03-30T23:37:28.066+0000] {dag.py:2585} INFO - Sync 1 DAGs
[2024-03-30T23:37:28.086+0000] {logging_mixin.py:120} INFO - [2024-03-30T23:37:28.086+0000] {dag.py:3340} INFO - Setting next_dagrun for elastic_dag to 2024-03-29T00:00:00+00:00, run_after=2024-03-30T00:00:00+00:00
[2024-03-30T23:37:28.101+0000] {processor.py:176} INFO - Processing /opt/airflow/dags/elastic_dag.py took 0.303 seconds
[2024-03-30T23:37:58.661+0000] {processor.py:154} INFO - Started process (PID=1750) to work on /opt/airflow/dags/elastic_dag.py
[2024-03-30T23:37:58.663+0000] {processor.py:756} INFO - Processing file /opt/airflow/dags/elastic_dag.py for tasks to queue
[2024-03-30T23:37:58.664+0000] {logging_mixin.py:120} INFO - [2024-03-30T23:37:58.664+0000] {dagbag.py:537} INFO - Filling up the DagBag from /opt/airflow/dags/elastic_dag.py
[2024-03-30T23:37:58.834+0000] {processor.py:766} INFO - DAG(s) dict_keys(['elastic_dag']) retrieved from /opt/airflow/dags/elastic_dag.py
[2024-03-30T23:37:58.857+0000] {logging_mixin.py:120} INFO - [2024-03-30T23:37:58.857+0000] {dag.py:2585} INFO - Sync 1 DAGs
[2024-03-30T23:37:58.870+0000] {logging_mixin.py:120} INFO - [2024-03-30T23:37:58.870+0000] {dag.py:3340} INFO - Setting next_dagrun for elastic_dag to 2024-03-29T00:00:00+00:00, run_after=2024-03-30T00:00:00+00:00
[2024-03-30T23:37:58.878+0000] {processor.py:176} INFO - Processing /opt/airflow/dags/elastic_dag.py took 0.223 seconds
[2024-03-30T23:38:29.155+0000] {processor.py:154} INFO - Started process (PID=1788) to work on /opt/airflow/dags/elastic_dag.py
[2024-03-30T23:38:29.156+0000] {processor.py:756} INFO - Processing file /opt/airflow/dags/elastic_dag.py for tasks to queue
[2024-03-30T23:38:29.158+0000] {logging_mixin.py:120} INFO - [2024-03-30T23:38:29.157+0000] {dagbag.py:537} INFO - Filling up the DagBag from /opt/airflow/dags/elastic_dag.py
[2024-03-30T23:38:29.338+0000] {processor.py:766} INFO - DAG(s) dict_keys(['elastic_dag']) retrieved from /opt/airflow/dags/elastic_dag.py
[2024-03-30T23:38:29.375+0000] {logging_mixin.py:120} INFO - [2024-03-30T23:38:29.375+0000] {dag.py:2585} INFO - Sync 1 DAGs
[2024-03-30T23:38:29.393+0000] {logging_mixin.py:120} INFO - [2024-03-30T23:38:29.393+0000] {dag.py:3340} INFO - Setting next_dagrun for elastic_dag to 2024-03-29T00:00:00+00:00, run_after=2024-03-30T00:00:00+00:00
[2024-03-30T23:38:29.402+0000] {processor.py:176} INFO - Processing /opt/airflow/dags/elastic_dag.py took 0.255 seconds
[2024-03-30T23:38:59.706+0000] {processor.py:154} INFO - Started process (PID=1826) to work on /opt/airflow/dags/elastic_dag.py
[2024-03-30T23:38:59.708+0000] {processor.py:756} INFO - Processing file /opt/airflow/dags/elastic_dag.py for tasks to queue
[2024-03-30T23:38:59.709+0000] {logging_mixin.py:120} INFO - [2024-03-30T23:38:59.709+0000] {dagbag.py:537} INFO - Filling up the DagBag from /opt/airflow/dags/elastic_dag.py
[2024-03-30T23:38:59.843+0000] {processor.py:766} INFO - DAG(s) dict_keys(['elastic_dag']) retrieved from /opt/airflow/dags/elastic_dag.py
[2024-03-30T23:38:59.859+0000] {logging_mixin.py:120} INFO - [2024-03-30T23:38:59.859+0000] {dag.py:2585} INFO - Sync 1 DAGs
[2024-03-30T23:38:59.870+0000] {logging_mixin.py:120} INFO - [2024-03-30T23:38:59.870+0000] {dag.py:3340} INFO - Setting next_dagrun for elastic_dag to 2024-03-29T00:00:00+00:00, run_after=2024-03-30T00:00:00+00:00
[2024-03-30T23:38:59.878+0000] {processor.py:176} INFO - Processing /opt/airflow/dags/elastic_dag.py took 0.177 seconds
[2024-03-30T23:39:30.259+0000] {processor.py:154} INFO - Started process (PID=1864) to work on /opt/airflow/dags/elastic_dag.py
[2024-03-30T23:39:30.260+0000] {processor.py:756} INFO - Processing file /opt/airflow/dags/elastic_dag.py for tasks to queue
[2024-03-30T23:39:30.261+0000] {logging_mixin.py:120} INFO - [2024-03-30T23:39:30.261+0000] {dagbag.py:537} INFO - Filling up the DagBag from /opt/airflow/dags/elastic_dag.py
[2024-03-30T23:39:30.430+0000] {processor.py:766} INFO - DAG(s) dict_keys(['elastic_dag']) retrieved from /opt/airflow/dags/elastic_dag.py
[2024-03-30T23:39:30.475+0000] {logging_mixin.py:120} INFO - [2024-03-30T23:39:30.474+0000] {dag.py:2585} INFO - Sync 1 DAGs
[2024-03-30T23:39:30.491+0000] {logging_mixin.py:120} INFO - [2024-03-30T23:39:30.491+0000] {dag.py:3340} INFO - Setting next_dagrun for elastic_dag to 2024-03-29T00:00:00+00:00, run_after=2024-03-30T00:00:00+00:00
[2024-03-30T23:39:30.505+0000] {processor.py:176} INFO - Processing /opt/airflow/dags/elastic_dag.py took 0.248 seconds
[2024-03-30T23:40:00.862+0000] {processor.py:154} INFO - Started process (PID=1902) to work on /opt/airflow/dags/elastic_dag.py
[2024-03-30T23:40:00.863+0000] {processor.py:756} INFO - Processing file /opt/airflow/dags/elastic_dag.py for tasks to queue
[2024-03-30T23:40:00.864+0000] {logging_mixin.py:120} INFO - [2024-03-30T23:40:00.864+0000] {dagbag.py:537} INFO - Filling up the DagBag from /opt/airflow/dags/elastic_dag.py
[2024-03-30T23:40:00.990+0000] {processor.py:766} INFO - DAG(s) dict_keys(['elastic_dag']) retrieved from /opt/airflow/dags/elastic_dag.py
[2024-03-30T23:40:01.006+0000] {logging_mixin.py:120} INFO - [2024-03-30T23:40:01.006+0000] {dag.py:2585} INFO - Sync 1 DAGs
[2024-03-30T23:40:01.017+0000] {logging_mixin.py:120} INFO - [2024-03-30T23:40:01.017+0000] {dag.py:3340} INFO - Setting next_dagrun for elastic_dag to 2024-03-29T00:00:00+00:00, run_after=2024-03-30T00:00:00+00:00
[2024-03-30T23:40:01.024+0000] {processor.py:176} INFO - Processing /opt/airflow/dags/elastic_dag.py took 0.168 seconds
[2024-03-30T23:40:31.410+0000] {processor.py:154} INFO - Started process (PID=1940) to work on /opt/airflow/dags/elastic_dag.py
[2024-03-30T23:40:31.411+0000] {processor.py:756} INFO - Processing file /opt/airflow/dags/elastic_dag.py for tasks to queue
[2024-03-30T23:40:31.412+0000] {logging_mixin.py:120} INFO - [2024-03-30T23:40:31.412+0000] {dagbag.py:537} INFO - Filling up the DagBag from /opt/airflow/dags/elastic_dag.py
[2024-03-30T23:40:31.546+0000] {processor.py:766} INFO - DAG(s) dict_keys(['elastic_dag']) retrieved from /opt/airflow/dags/elastic_dag.py
[2024-03-30T23:40:31.565+0000] {logging_mixin.py:120} INFO - [2024-03-30T23:40:31.564+0000] {dag.py:2585} INFO - Sync 1 DAGs
[2024-03-30T23:40:31.576+0000] {logging_mixin.py:120} INFO - [2024-03-30T23:40:31.576+0000] {dag.py:3340} INFO - Setting next_dagrun for elastic_dag to 2024-03-29T00:00:00+00:00, run_after=2024-03-30T00:00:00+00:00
[2024-03-30T23:40:31.583+0000] {processor.py:176} INFO - Processing /opt/airflow/dags/elastic_dag.py took 0.182 seconds
[2024-03-30T23:41:02.191+0000] {processor.py:154} INFO - Started process (PID=1969) to work on /opt/airflow/dags/elastic_dag.py
[2024-03-30T23:41:02.193+0000] {processor.py:756} INFO - Processing file /opt/airflow/dags/elastic_dag.py for tasks to queue
[2024-03-30T23:41:02.194+0000] {logging_mixin.py:120} INFO - [2024-03-30T23:41:02.194+0000] {dagbag.py:537} INFO - Filling up the DagBag from /opt/airflow/dags/elastic_dag.py
[2024-03-30T23:41:02.348+0000] {processor.py:766} INFO - DAG(s) dict_keys(['elastic_dag']) retrieved from /opt/airflow/dags/elastic_dag.py
[2024-03-30T23:41:02.373+0000] {logging_mixin.py:120} INFO - [2024-03-30T23:41:02.373+0000] {dag.py:2585} INFO - Sync 1 DAGs
[2024-03-30T23:41:02.389+0000] {logging_mixin.py:120} INFO - [2024-03-30T23:41:02.388+0000] {dag.py:3340} INFO - Setting next_dagrun for elastic_dag to 2024-03-29T00:00:00+00:00, run_after=2024-03-30T00:00:00+00:00
[2024-03-30T23:41:02.399+0000] {processor.py:176} INFO - Processing /opt/airflow/dags/elastic_dag.py took 0.215 seconds
[2024-03-30T23:41:32.887+0000] {processor.py:154} INFO - Started process (PID=2006) to work on /opt/airflow/dags/elastic_dag.py
[2024-03-30T23:41:32.888+0000] {processor.py:756} INFO - Processing file /opt/airflow/dags/elastic_dag.py for tasks to queue
[2024-03-30T23:41:32.889+0000] {logging_mixin.py:120} INFO - [2024-03-30T23:41:32.889+0000] {dagbag.py:537} INFO - Filling up the DagBag from /opt/airflow/dags/elastic_dag.py
[2024-03-30T23:41:33.042+0000] {processor.py:766} INFO - DAG(s) dict_keys(['elastic_dag']) retrieved from /opt/airflow/dags/elastic_dag.py
[2024-03-30T23:41:33.059+0000] {logging_mixin.py:120} INFO - [2024-03-30T23:41:33.059+0000] {dag.py:2585} INFO - Sync 1 DAGs
[2024-03-30T23:41:33.070+0000] {logging_mixin.py:120} INFO - [2024-03-30T23:41:33.070+0000] {dag.py:3340} INFO - Setting next_dagrun for elastic_dag to 2024-03-29T00:00:00+00:00, run_after=2024-03-30T00:00:00+00:00
[2024-03-30T23:41:33.078+0000] {processor.py:176} INFO - Processing /opt/airflow/dags/elastic_dag.py took 0.196 seconds
[2024-03-30T23:42:03.446+0000] {processor.py:154} INFO - Started process (PID=2044) to work on /opt/airflow/dags/elastic_dag.py
[2024-03-30T23:42:03.447+0000] {processor.py:756} INFO - Processing file /opt/airflow/dags/elastic_dag.py for tasks to queue
[2024-03-30T23:42:03.448+0000] {logging_mixin.py:120} INFO - [2024-03-30T23:42:03.448+0000] {dagbag.py:537} INFO - Filling up the DagBag from /opt/airflow/dags/elastic_dag.py
[2024-03-30T23:42:03.582+0000] {processor.py:766} INFO - DAG(s) dict_keys(['elastic_dag']) retrieved from /opt/airflow/dags/elastic_dag.py
[2024-03-30T23:42:03.599+0000] {logging_mixin.py:120} INFO - [2024-03-30T23:42:03.599+0000] {dag.py:2585} INFO - Sync 1 DAGs
[2024-03-30T23:42:03.613+0000] {logging_mixin.py:120} INFO - [2024-03-30T23:42:03.612+0000] {dag.py:3340} INFO - Setting next_dagrun for elastic_dag to 2024-03-29T00:00:00+00:00, run_after=2024-03-30T00:00:00+00:00
[2024-03-30T23:42:03.620+0000] {processor.py:176} INFO - Processing /opt/airflow/dags/elastic_dag.py took 0.179 seconds
[2024-03-30T23:42:33.986+0000] {processor.py:154} INFO - Started process (PID=2082) to work on /opt/airflow/dags/elastic_dag.py
[2024-03-30T23:42:33.987+0000] {processor.py:756} INFO - Processing file /opt/airflow/dags/elastic_dag.py for tasks to queue
[2024-03-30T23:42:33.989+0000] {logging_mixin.py:120} INFO - [2024-03-30T23:42:33.988+0000] {dagbag.py:537} INFO - Filling up the DagBag from /opt/airflow/dags/elastic_dag.py
[2024-03-30T23:42:34.155+0000] {processor.py:766} INFO - DAG(s) dict_keys(['elastic_dag']) retrieved from /opt/airflow/dags/elastic_dag.py
[2024-03-30T23:42:34.173+0000] {logging_mixin.py:120} INFO - [2024-03-30T23:42:34.173+0000] {dag.py:2585} INFO - Sync 1 DAGs
[2024-03-30T23:42:34.186+0000] {logging_mixin.py:120} INFO - [2024-03-30T23:42:34.186+0000] {dag.py:3340} INFO - Setting next_dagrun for elastic_dag to 2024-03-29T00:00:00+00:00, run_after=2024-03-30T00:00:00+00:00
[2024-03-30T23:42:34.201+0000] {processor.py:176} INFO - Processing /opt/airflow/dags/elastic_dag.py took 0.219 seconds
[2024-03-30T23:43:04.752+0000] {processor.py:154} INFO - Started process (PID=2119) to work on /opt/airflow/dags/elastic_dag.py
[2024-03-30T23:43:04.754+0000] {processor.py:756} INFO - Processing file /opt/airflow/dags/elastic_dag.py for tasks to queue
[2024-03-30T23:43:04.756+0000] {logging_mixin.py:120} INFO - [2024-03-30T23:43:04.755+0000] {dagbag.py:537} INFO - Filling up the DagBag from /opt/airflow/dags/elastic_dag.py
[2024-03-30T23:43:04.912+0000] {processor.py:766} INFO - DAG(s) dict_keys(['elastic_dag']) retrieved from /opt/airflow/dags/elastic_dag.py
[2024-03-30T23:43:04.933+0000] {logging_mixin.py:120} INFO - [2024-03-30T23:43:04.933+0000] {dag.py:2585} INFO - Sync 1 DAGs
[2024-03-30T23:43:04.946+0000] {logging_mixin.py:120} INFO - [2024-03-30T23:43:04.946+0000] {dag.py:3340} INFO - Setting next_dagrun for elastic_dag to 2024-03-29T00:00:00+00:00, run_after=2024-03-30T00:00:00+00:00
[2024-03-30T23:43:04.954+0000] {processor.py:176} INFO - Processing /opt/airflow/dags/elastic_dag.py took 0.210 seconds
[2024-03-30T23:43:35.503+0000] {processor.py:154} INFO - Started process (PID=2157) to work on /opt/airflow/dags/elastic_dag.py
[2024-03-30T23:43:35.503+0000] {processor.py:756} INFO - Processing file /opt/airflow/dags/elastic_dag.py for tasks to queue
[2024-03-30T23:43:35.504+0000] {logging_mixin.py:120} INFO - [2024-03-30T23:43:35.504+0000] {dagbag.py:537} INFO - Filling up the DagBag from /opt/airflow/dags/elastic_dag.py
[2024-03-30T23:43:35.638+0000] {processor.py:766} INFO - DAG(s) dict_keys(['elastic_dag']) retrieved from /opt/airflow/dags/elastic_dag.py
[2024-03-30T23:43:35.657+0000] {logging_mixin.py:120} INFO - [2024-03-30T23:43:35.657+0000] {dag.py:2585} INFO - Sync 1 DAGs
[2024-03-30T23:43:35.669+0000] {logging_mixin.py:120} INFO - [2024-03-30T23:43:35.669+0000] {dag.py:3340} INFO - Setting next_dagrun for elastic_dag to 2024-03-29T00:00:00+00:00, run_after=2024-03-30T00:00:00+00:00
[2024-03-30T23:43:35.678+0000] {processor.py:176} INFO - Processing /opt/airflow/dags/elastic_dag.py took 0.177 seconds
[2024-03-30T23:44:06.166+0000] {processor.py:154} INFO - Started process (PID=2194) to work on /opt/airflow/dags/elastic_dag.py
[2024-03-30T23:44:06.167+0000] {processor.py:756} INFO - Processing file /opt/airflow/dags/elastic_dag.py for tasks to queue
[2024-03-30T23:44:06.168+0000] {logging_mixin.py:120} INFO - [2024-03-30T23:44:06.168+0000] {dagbag.py:537} INFO - Filling up the DagBag from /opt/airflow/dags/elastic_dag.py
[2024-03-30T23:44:06.305+0000] {processor.py:766} INFO - DAG(s) dict_keys(['elastic_dag']) retrieved from /opt/airflow/dags/elastic_dag.py
[2024-03-30T23:44:06.325+0000] {logging_mixin.py:120} INFO - [2024-03-30T23:44:06.325+0000] {dag.py:2585} INFO - Sync 1 DAGs
[2024-03-30T23:44:06.338+0000] {logging_mixin.py:120} INFO - [2024-03-30T23:44:06.338+0000] {dag.py:3340} INFO - Setting next_dagrun for elastic_dag to 2024-03-29T00:00:00+00:00, run_after=2024-03-30T00:00:00+00:00
[2024-03-30T23:44:06.347+0000] {processor.py:176} INFO - Processing /opt/airflow/dags/elastic_dag.py took 0.185 seconds
[2024-03-30T23:44:36.716+0000] {processor.py:154} INFO - Started process (PID=2231) to work on /opt/airflow/dags/elastic_dag.py
[2024-03-30T23:44:36.717+0000] {processor.py:756} INFO - Processing file /opt/airflow/dags/elastic_dag.py for tasks to queue
[2024-03-30T23:44:36.718+0000] {logging_mixin.py:120} INFO - [2024-03-30T23:44:36.718+0000] {dagbag.py:537} INFO - Filling up the DagBag from /opt/airflow/dags/elastic_dag.py
[2024-03-30T23:44:36.894+0000] {processor.py:766} INFO - DAG(s) dict_keys(['elastic_dag']) retrieved from /opt/airflow/dags/elastic_dag.py
[2024-03-30T23:44:36.934+0000] {logging_mixin.py:120} INFO - [2024-03-30T23:44:36.933+0000] {dag.py:2585} INFO - Sync 1 DAGs
[2024-03-30T23:44:36.949+0000] {logging_mixin.py:120} INFO - [2024-03-30T23:44:36.948+0000] {dag.py:3340} INFO - Setting next_dagrun for elastic_dag to 2024-03-29T00:00:00+00:00, run_after=2024-03-30T00:00:00+00:00
[2024-03-30T23:44:36.958+0000] {processor.py:176} INFO - Processing /opt/airflow/dags/elastic_dag.py took 0.246 seconds
[2024-03-30T23:45:07.351+0000] {processor.py:154} INFO - Started process (PID=2260) to work on /opt/airflow/dags/elastic_dag.py
[2024-03-30T23:45:07.353+0000] {processor.py:756} INFO - Processing file /opt/airflow/dags/elastic_dag.py for tasks to queue
[2024-03-30T23:45:07.354+0000] {logging_mixin.py:120} INFO - [2024-03-30T23:45:07.354+0000] {dagbag.py:537} INFO - Filling up the DagBag from /opt/airflow/dags/elastic_dag.py
[2024-03-30T23:45:07.584+0000] {processor.py:766} INFO - DAG(s) dict_keys(['elastic_dag']) retrieved from /opt/airflow/dags/elastic_dag.py
[2024-03-30T23:45:07.617+0000] {logging_mixin.py:120} INFO - [2024-03-30T23:45:07.617+0000] {dag.py:2585} INFO - Sync 1 DAGs
[2024-03-30T23:45:07.633+0000] {logging_mixin.py:120} INFO - [2024-03-30T23:45:07.633+0000] {dag.py:3340} INFO - Setting next_dagrun for elastic_dag to 2024-03-29T00:00:00+00:00, run_after=2024-03-30T00:00:00+00:00
[2024-03-30T23:45:07.643+0000] {processor.py:176} INFO - Processing /opt/airflow/dags/elastic_dag.py took 0.300 seconds
[2024-03-30T23:45:38.179+0000] {processor.py:154} INFO - Started process (PID=2298) to work on /opt/airflow/dags/elastic_dag.py
[2024-03-30T23:45:38.181+0000] {processor.py:756} INFO - Processing file /opt/airflow/dags/elastic_dag.py for tasks to queue
[2024-03-30T23:45:38.182+0000] {logging_mixin.py:120} INFO - [2024-03-30T23:45:38.182+0000] {dagbag.py:537} INFO - Filling up the DagBag from /opt/airflow/dags/elastic_dag.py
[2024-03-30T23:45:38.401+0000] {processor.py:766} INFO - DAG(s) dict_keys(['elastic_dag']) retrieved from /opt/airflow/dags/elastic_dag.py
[2024-03-30T23:45:38.448+0000] {logging_mixin.py:120} INFO - [2024-03-30T23:45:38.447+0000] {dag.py:2585} INFO - Sync 1 DAGs
[2024-03-30T23:45:38.467+0000] {logging_mixin.py:120} INFO - [2024-03-30T23:45:38.466+0000] {dag.py:3340} INFO - Setting next_dagrun for elastic_dag to 2024-03-29T00:00:00+00:00, run_after=2024-03-30T00:00:00+00:00
[2024-03-30T23:45:38.476+0000] {processor.py:176} INFO - Processing /opt/airflow/dags/elastic_dag.py took 0.303 seconds
[2024-03-30T23:46:08.947+0000] {processor.py:154} INFO - Started process (PID=2335) to work on /opt/airflow/dags/elastic_dag.py
[2024-03-30T23:46:08.949+0000] {processor.py:756} INFO - Processing file /opt/airflow/dags/elastic_dag.py for tasks to queue
[2024-03-30T23:46:08.950+0000] {logging_mixin.py:120} INFO - [2024-03-30T23:46:08.950+0000] {dagbag.py:537} INFO - Filling up the DagBag from /opt/airflow/dags/elastic_dag.py
[2024-03-30T23:46:09.106+0000] {processor.py:766} INFO - DAG(s) dict_keys(['elastic_dag']) retrieved from /opt/airflow/dags/elastic_dag.py
[2024-03-30T23:46:09.128+0000] {logging_mixin.py:120} INFO - [2024-03-30T23:46:09.128+0000] {dag.py:2585} INFO - Sync 1 DAGs
[2024-03-30T23:46:09.141+0000] {logging_mixin.py:120} INFO - [2024-03-30T23:46:09.141+0000] {dag.py:3340} INFO - Setting next_dagrun for elastic_dag to 2024-03-29T00:00:00+00:00, run_after=2024-03-30T00:00:00+00:00
[2024-03-30T23:46:09.149+0000] {processor.py:176} INFO - Processing /opt/airflow/dags/elastic_dag.py took 0.208 seconds
[2024-03-30T23:46:39.677+0000] {processor.py:154} INFO - Started process (PID=2373) to work on /opt/airflow/dags/elastic_dag.py
[2024-03-30T23:46:39.679+0000] {processor.py:756} INFO - Processing file /opt/airflow/dags/elastic_dag.py for tasks to queue
[2024-03-30T23:46:39.680+0000] {logging_mixin.py:120} INFO - [2024-03-30T23:46:39.680+0000] {dagbag.py:537} INFO - Filling up the DagBag from /opt/airflow/dags/elastic_dag.py
[2024-03-30T23:46:39.877+0000] {processor.py:766} INFO - DAG(s) dict_keys(['elastic_dag']) retrieved from /opt/airflow/dags/elastic_dag.py
[2024-03-30T23:46:39.905+0000] {logging_mixin.py:120} INFO - [2024-03-30T23:46:39.905+0000] {dag.py:2585} INFO - Sync 1 DAGs
[2024-03-30T23:46:39.919+0000] {logging_mixin.py:120} INFO - [2024-03-30T23:46:39.919+0000] {dag.py:3340} INFO - Setting next_dagrun for elastic_dag to 2024-03-29T00:00:00+00:00, run_after=2024-03-30T00:00:00+00:00
[2024-03-30T23:46:40.083+0000] {processor.py:176} INFO - Processing /opt/airflow/dags/elastic_dag.py took 0.413 seconds
[2024-03-30T23:47:10.361+0000] {processor.py:154} INFO - Started process (PID=2410) to work on /opt/airflow/dags/elastic_dag.py
[2024-03-30T23:47:10.363+0000] {processor.py:756} INFO - Processing file /opt/airflow/dags/elastic_dag.py for tasks to queue
[2024-03-30T23:47:10.363+0000] {logging_mixin.py:120} INFO - [2024-03-30T23:47:10.363+0000] {dagbag.py:537} INFO - Filling up the DagBag from /opt/airflow/dags/elastic_dag.py
[2024-03-30T23:47:10.511+0000] {processor.py:766} INFO - DAG(s) dict_keys(['elastic_dag']) retrieved from /opt/airflow/dags/elastic_dag.py
[2024-03-30T23:47:10.546+0000] {logging_mixin.py:120} INFO - [2024-03-30T23:47:10.546+0000] {dag.py:2585} INFO - Sync 1 DAGs
[2024-03-30T23:47:10.561+0000] {logging_mixin.py:120} INFO - [2024-03-30T23:47:10.561+0000] {dag.py:3340} INFO - Setting next_dagrun for elastic_dag to 2024-03-29T00:00:00+00:00, run_after=2024-03-30T00:00:00+00:00
[2024-03-30T23:47:10.569+0000] {processor.py:176} INFO - Processing /opt/airflow/dags/elastic_dag.py took 0.210 seconds
[2024-03-30T23:47:41.004+0000] {processor.py:154} INFO - Started process (PID=2448) to work on /opt/airflow/dags/elastic_dag.py
[2024-03-30T23:47:41.005+0000] {processor.py:756} INFO - Processing file /opt/airflow/dags/elastic_dag.py for tasks to queue
[2024-03-30T23:47:41.006+0000] {logging_mixin.py:120} INFO - [2024-03-30T23:47:41.006+0000] {dagbag.py:537} INFO - Filling up the DagBag from /opt/airflow/dags/elastic_dag.py
[2024-03-30T23:47:41.192+0000] {processor.py:766} INFO - DAG(s) dict_keys(['elastic_dag']) retrieved from /opt/airflow/dags/elastic_dag.py
[2024-03-30T23:47:41.229+0000] {logging_mixin.py:120} INFO - [2024-03-30T23:47:41.229+0000] {dag.py:2585} INFO - Sync 1 DAGs
[2024-03-30T23:47:41.245+0000] {logging_mixin.py:120} INFO - [2024-03-30T23:47:41.245+0000] {dag.py:3340} INFO - Setting next_dagrun for elastic_dag to 2024-03-29T00:00:00+00:00, run_after=2024-03-30T00:00:00+00:00
[2024-03-30T23:47:41.253+0000] {processor.py:176} INFO - Processing /opt/airflow/dags/elastic_dag.py took 0.253 seconds
[2024-03-30T23:48:11.296+0000] {processor.py:154} INFO - Started process (PID=2486) to work on /opt/airflow/dags/elastic_dag.py
[2024-03-30T23:48:11.298+0000] {processor.py:756} INFO - Processing file /opt/airflow/dags/elastic_dag.py for tasks to queue
[2024-03-30T23:48:11.299+0000] {logging_mixin.py:120} INFO - [2024-03-30T23:48:11.299+0000] {dagbag.py:537} INFO - Filling up the DagBag from /opt/airflow/dags/elastic_dag.py
[2024-03-30T23:48:11.473+0000] {processor.py:766} INFO - DAG(s) dict_keys(['elastic_dag']) retrieved from /opt/airflow/dags/elastic_dag.py
[2024-03-30T23:48:11.494+0000] {logging_mixin.py:120} INFO - [2024-03-30T23:48:11.494+0000] {dag.py:2585} INFO - Sync 1 DAGs
[2024-03-30T23:48:11.507+0000] {logging_mixin.py:120} INFO - [2024-03-30T23:48:11.506+0000] {dag.py:3340} INFO - Setting next_dagrun for elastic_dag to 2024-03-29T00:00:00+00:00, run_after=2024-03-30T00:00:00+00:00
[2024-03-30T23:48:11.517+0000] {processor.py:176} INFO - Processing /opt/airflow/dags/elastic_dag.py took 0.228 seconds
[2024-03-30T23:48:41.822+0000] {processor.py:154} INFO - Started process (PID=2522) to work on /opt/airflow/dags/elastic_dag.py
[2024-03-30T23:48:41.823+0000] {processor.py:756} INFO - Processing file /opt/airflow/dags/elastic_dag.py for tasks to queue
[2024-03-30T23:48:41.823+0000] {logging_mixin.py:120} INFO - [2024-03-30T23:48:41.823+0000] {dagbag.py:537} INFO - Filling up the DagBag from /opt/airflow/dags/elastic_dag.py
[2024-03-30T23:48:41.940+0000] {processor.py:766} INFO - DAG(s) dict_keys(['elastic_dag']) retrieved from /opt/airflow/dags/elastic_dag.py
[2024-03-30T23:48:41.957+0000] {logging_mixin.py:120} INFO - [2024-03-30T23:48:41.957+0000] {dag.py:2585} INFO - Sync 1 DAGs
[2024-03-30T23:48:41.969+0000] {logging_mixin.py:120} INFO - [2024-03-30T23:48:41.969+0000] {dag.py:3340} INFO - Setting next_dagrun for elastic_dag to 2024-03-29T00:00:00+00:00, run_after=2024-03-30T00:00:00+00:00
[2024-03-30T23:48:41.976+0000] {processor.py:176} INFO - Processing /opt/airflow/dags/elastic_dag.py took 0.156 seconds
[2024-03-30T23:49:12.451+0000] {processor.py:154} INFO - Started process (PID=2553) to work on /opt/airflow/dags/elastic_dag.py
[2024-03-30T23:49:12.452+0000] {processor.py:756} INFO - Processing file /opt/airflow/dags/elastic_dag.py for tasks to queue
[2024-03-30T23:49:12.454+0000] {logging_mixin.py:120} INFO - [2024-03-30T23:49:12.454+0000] {dagbag.py:537} INFO - Filling up the DagBag from /opt/airflow/dags/elastic_dag.py
[2024-03-30T23:49:12.612+0000] {processor.py:766} INFO - DAG(s) dict_keys(['elastic_dag']) retrieved from /opt/airflow/dags/elastic_dag.py
[2024-03-30T23:49:12.632+0000] {logging_mixin.py:120} INFO - [2024-03-30T23:49:12.632+0000] {dag.py:2585} INFO - Sync 1 DAGs
[2024-03-30T23:49:12.645+0000] {logging_mixin.py:120} INFO - [2024-03-30T23:49:12.645+0000] {dag.py:3340} INFO - Setting next_dagrun for elastic_dag to 2024-03-29T00:00:00+00:00, run_after=2024-03-30T00:00:00+00:00
[2024-03-30T23:49:12.653+0000] {processor.py:176} INFO - Processing /opt/airflow/dags/elastic_dag.py took 0.207 seconds
[2024-03-30T23:49:42.720+0000] {processor.py:154} INFO - Started process (PID=2590) to work on /opt/airflow/dags/elastic_dag.py
[2024-03-30T23:49:42.722+0000] {processor.py:756} INFO - Processing file /opt/airflow/dags/elastic_dag.py for tasks to queue
[2024-03-30T23:49:42.723+0000] {logging_mixin.py:120} INFO - [2024-03-30T23:49:42.723+0000] {dagbag.py:537} INFO - Filling up the DagBag from /opt/airflow/dags/elastic_dag.py
[2024-03-30T23:49:42.869+0000] {processor.py:766} INFO - DAG(s) dict_keys(['elastic_dag']) retrieved from /opt/airflow/dags/elastic_dag.py
[2024-03-30T23:49:42.887+0000] {logging_mixin.py:120} INFO - [2024-03-30T23:49:42.887+0000] {dag.py:2585} INFO - Sync 1 DAGs
[2024-03-30T23:49:42.898+0000] {logging_mixin.py:120} INFO - [2024-03-30T23:49:42.898+0000] {dag.py:3340} INFO - Setting next_dagrun for elastic_dag to 2024-03-29T00:00:00+00:00, run_after=2024-03-30T00:00:00+00:00
[2024-03-30T23:49:42.979+0000] {processor.py:176} INFO - Processing /opt/airflow/dags/elastic_dag.py took 0.264 seconds
[2024-03-30T23:50:13.614+0000] {processor.py:154} INFO - Started process (PID=2628) to work on /opt/airflow/dags/elastic_dag.py
[2024-03-30T23:50:13.615+0000] {processor.py:756} INFO - Processing file /opt/airflow/dags/elastic_dag.py for tasks to queue
[2024-03-30T23:50:13.616+0000] {logging_mixin.py:120} INFO - [2024-03-30T23:50:13.616+0000] {dagbag.py:537} INFO - Filling up the DagBag from /opt/airflow/dags/elastic_dag.py
[2024-03-30T23:50:13.818+0000] {processor.py:766} INFO - DAG(s) dict_keys(['elastic_dag']) retrieved from /opt/airflow/dags/elastic_dag.py
[2024-03-30T23:50:13.844+0000] {logging_mixin.py:120} INFO - [2024-03-30T23:50:13.844+0000] {dag.py:2585} INFO - Sync 1 DAGs
[2024-03-30T23:50:13.863+0000] {logging_mixin.py:120} INFO - [2024-03-30T23:50:13.863+0000] {dag.py:3340} INFO - Setting next_dagrun for elastic_dag to 2024-03-29T00:00:00+00:00, run_after=2024-03-30T00:00:00+00:00
[2024-03-30T23:50:13.873+0000] {processor.py:176} INFO - Processing /opt/airflow/dags/elastic_dag.py took 0.264 seconds
[2024-03-30T23:50:44.149+0000] {processor.py:154} INFO - Started process (PID=2666) to work on /opt/airflow/dags/elastic_dag.py
[2024-03-30T23:50:44.150+0000] {processor.py:756} INFO - Processing file /opt/airflow/dags/elastic_dag.py for tasks to queue
[2024-03-30T23:50:44.151+0000] {logging_mixin.py:120} INFO - [2024-03-30T23:50:44.151+0000] {dagbag.py:537} INFO - Filling up the DagBag from /opt/airflow/dags/elastic_dag.py
[2024-03-30T23:50:44.302+0000] {processor.py:766} INFO - DAG(s) dict_keys(['elastic_dag']) retrieved from /opt/airflow/dags/elastic_dag.py
[2024-03-30T23:50:44.327+0000] {logging_mixin.py:120} INFO - [2024-03-30T23:50:44.327+0000] {dag.py:2585} INFO - Sync 1 DAGs
[2024-03-30T23:50:44.343+0000] {logging_mixin.py:120} INFO - [2024-03-30T23:50:44.343+0000] {dag.py:3340} INFO - Setting next_dagrun for elastic_dag to 2024-03-29T00:00:00+00:00, run_after=2024-03-30T00:00:00+00:00
[2024-03-30T23:50:44.352+0000] {processor.py:176} INFO - Processing /opt/airflow/dags/elastic_dag.py took 0.206 seconds
[2024-03-30T23:51:14.734+0000] {processor.py:154} INFO - Started process (PID=2704) to work on /opt/airflow/dags/elastic_dag.py
[2024-03-30T23:51:14.734+0000] {processor.py:756} INFO - Processing file /opt/airflow/dags/elastic_dag.py for tasks to queue
[2024-03-30T23:51:14.735+0000] {logging_mixin.py:120} INFO - [2024-03-30T23:51:14.735+0000] {dagbag.py:537} INFO - Filling up the DagBag from /opt/airflow/dags/elastic_dag.py
[2024-03-30T23:51:14.888+0000] {processor.py:766} INFO - DAG(s) dict_keys(['elastic_dag']) retrieved from /opt/airflow/dags/elastic_dag.py
[2024-03-30T23:51:14.911+0000] {logging_mixin.py:120} INFO - [2024-03-30T23:51:14.910+0000] {dag.py:2585} INFO - Sync 1 DAGs
[2024-03-30T23:51:14.928+0000] {logging_mixin.py:120} INFO - [2024-03-30T23:51:14.928+0000] {dag.py:3340} INFO - Setting next_dagrun for elastic_dag to 2024-03-29T00:00:00+00:00, run_after=2024-03-30T00:00:00+00:00
[2024-03-30T23:51:14.936+0000] {processor.py:176} INFO - Processing /opt/airflow/dags/elastic_dag.py took 0.207 seconds
[2024-03-30T23:51:45.231+0000] {processor.py:154} INFO - Started process (PID=2742) to work on /opt/airflow/dags/elastic_dag.py
[2024-03-30T23:51:45.234+0000] {processor.py:756} INFO - Processing file /opt/airflow/dags/elastic_dag.py for tasks to queue
[2024-03-30T23:51:45.235+0000] {logging_mixin.py:120} INFO - [2024-03-30T23:51:45.234+0000] {dagbag.py:537} INFO - Filling up the DagBag from /opt/airflow/dags/elastic_dag.py
[2024-03-30T23:51:45.406+0000] {processor.py:766} INFO - DAG(s) dict_keys(['elastic_dag']) retrieved from /opt/airflow/dags/elastic_dag.py
[2024-03-30T23:51:45.444+0000] {logging_mixin.py:120} INFO - [2024-03-30T23:51:45.444+0000] {dag.py:2585} INFO - Sync 1 DAGs
[2024-03-30T23:51:45.459+0000] {logging_mixin.py:120} INFO - [2024-03-30T23:51:45.459+0000] {dag.py:3340} INFO - Setting next_dagrun for elastic_dag to 2024-03-29T00:00:00+00:00, run_after=2024-03-30T00:00:00+00:00
[2024-03-30T23:51:45.468+0000] {processor.py:176} INFO - Processing /opt/airflow/dags/elastic_dag.py took 0.244 seconds
[2024-03-30T23:52:15.797+0000] {processor.py:154} INFO - Started process (PID=2780) to work on /opt/airflow/dags/elastic_dag.py
[2024-03-30T23:52:15.798+0000] {processor.py:756} INFO - Processing file /opt/airflow/dags/elastic_dag.py for tasks to queue
[2024-03-30T23:52:15.799+0000] {logging_mixin.py:120} INFO - [2024-03-30T23:52:15.799+0000] {dagbag.py:537} INFO - Filling up the DagBag from /opt/airflow/dags/elastic_dag.py
[2024-03-30T23:52:15.929+0000] {processor.py:766} INFO - DAG(s) dict_keys(['elastic_dag']) retrieved from /opt/airflow/dags/elastic_dag.py
[2024-03-30T23:52:15.945+0000] {logging_mixin.py:120} INFO - [2024-03-30T23:52:15.944+0000] {dag.py:2585} INFO - Sync 1 DAGs
[2024-03-30T23:52:15.955+0000] {logging_mixin.py:120} INFO - [2024-03-30T23:52:15.955+0000] {dag.py:3340} INFO - Setting next_dagrun for elastic_dag to 2024-03-29T00:00:00+00:00, run_after=2024-03-30T00:00:00+00:00
[2024-03-30T23:52:15.963+0000] {processor.py:176} INFO - Processing /opt/airflow/dags/elastic_dag.py took 0.171 seconds
[2024-03-30T23:52:46.369+0000] {processor.py:154} INFO - Started process (PID=2809) to work on /opt/airflow/dags/elastic_dag.py
[2024-03-30T23:52:46.371+0000] {processor.py:756} INFO - Processing file /opt/airflow/dags/elastic_dag.py for tasks to queue
[2024-03-30T23:52:46.372+0000] {logging_mixin.py:120} INFO - [2024-03-30T23:52:46.372+0000] {dagbag.py:537} INFO - Filling up the DagBag from /opt/airflow/dags/elastic_dag.py
[2024-03-30T23:52:46.585+0000] {processor.py:766} INFO - DAG(s) dict_keys(['elastic_dag']) retrieved from /opt/airflow/dags/elastic_dag.py
[2024-03-30T23:52:46.604+0000] {logging_mixin.py:120} INFO - [2024-03-30T23:52:46.604+0000] {dag.py:2585} INFO - Sync 1 DAGs
[2024-03-30T23:52:46.616+0000] {logging_mixin.py:120} INFO - [2024-03-30T23:52:46.616+0000] {dag.py:3340} INFO - Setting next_dagrun for elastic_dag to 2024-03-29T00:00:00+00:00, run_after=2024-03-30T00:00:00+00:00
[2024-03-30T23:52:46.739+0000] {processor.py:176} INFO - Processing /opt/airflow/dags/elastic_dag.py took 0.373 seconds
[2024-03-30T23:53:16.994+0000] {processor.py:154} INFO - Started process (PID=2848) to work on /opt/airflow/dags/elastic_dag.py
[2024-03-30T23:53:16.996+0000] {processor.py:756} INFO - Processing file /opt/airflow/dags/elastic_dag.py for tasks to queue
[2024-03-30T23:53:16.998+0000] {logging_mixin.py:120} INFO - [2024-03-30T23:53:16.998+0000] {dagbag.py:537} INFO - Filling up the DagBag from /opt/airflow/dags/elastic_dag.py
[2024-03-30T23:53:17.145+0000] {processor.py:766} INFO - DAG(s) dict_keys(['elastic_dag']) retrieved from /opt/airflow/dags/elastic_dag.py
[2024-03-30T23:53:17.163+0000] {logging_mixin.py:120} INFO - [2024-03-30T23:53:17.163+0000] {dag.py:2585} INFO - Sync 1 DAGs
[2024-03-30T23:53:17.177+0000] {logging_mixin.py:120} INFO - [2024-03-30T23:53:17.177+0000] {dag.py:3340} INFO - Setting next_dagrun for elastic_dag to 2024-03-29T00:00:00+00:00, run_after=2024-03-30T00:00:00+00:00
[2024-03-30T23:53:17.185+0000] {processor.py:176} INFO - Processing /opt/airflow/dags/elastic_dag.py took 0.197 seconds
[2024-03-30T23:53:47.540+0000] {processor.py:154} INFO - Started process (PID=2886) to work on /opt/airflow/dags/elastic_dag.py
[2024-03-30T23:53:47.542+0000] {processor.py:756} INFO - Processing file /opt/airflow/dags/elastic_dag.py for tasks to queue
[2024-03-30T23:53:47.543+0000] {logging_mixin.py:120} INFO - [2024-03-30T23:53:47.543+0000] {dagbag.py:537} INFO - Filling up the DagBag from /opt/airflow/dags/elastic_dag.py
[2024-03-30T23:53:47.696+0000] {processor.py:766} INFO - DAG(s) dict_keys(['elastic_dag']) retrieved from /opt/airflow/dags/elastic_dag.py
[2024-03-30T23:53:47.718+0000] {logging_mixin.py:120} INFO - [2024-03-30T23:53:47.718+0000] {dag.py:2585} INFO - Sync 1 DAGs
[2024-03-30T23:53:47.733+0000] {logging_mixin.py:120} INFO - [2024-03-30T23:53:47.733+0000] {dag.py:3340} INFO - Setting next_dagrun for elastic_dag to 2024-03-29T00:00:00+00:00, run_after=2024-03-30T00:00:00+00:00
[2024-03-30T23:53:47.741+0000] {processor.py:176} INFO - Processing /opt/airflow/dags/elastic_dag.py took 0.208 seconds
[2024-03-30T23:54:18.102+0000] {processor.py:154} INFO - Started process (PID=2924) to work on /opt/airflow/dags/elastic_dag.py
[2024-03-30T23:54:18.102+0000] {processor.py:756} INFO - Processing file /opt/airflow/dags/elastic_dag.py for tasks to queue
[2024-03-30T23:54:18.103+0000] {logging_mixin.py:120} INFO - [2024-03-30T23:54:18.103+0000] {dagbag.py:537} INFO - Filling up the DagBag from /opt/airflow/dags/elastic_dag.py
[2024-03-30T23:54:18.222+0000] {processor.py:766} INFO - DAG(s) dict_keys(['elastic_dag']) retrieved from /opt/airflow/dags/elastic_dag.py
[2024-03-30T23:54:18.243+0000] {logging_mixin.py:120} INFO - [2024-03-30T23:54:18.243+0000] {dag.py:2585} INFO - Sync 1 DAGs
[2024-03-30T23:54:18.256+0000] {logging_mixin.py:120} INFO - [2024-03-30T23:54:18.256+0000] {dag.py:3340} INFO - Setting next_dagrun for elastic_dag to 2024-03-29T00:00:00+00:00, run_after=2024-03-30T00:00:00+00:00
[2024-03-30T23:54:18.263+0000] {processor.py:176} INFO - Processing /opt/airflow/dags/elastic_dag.py took 0.163 seconds
[2024-03-30T23:54:48.659+0000] {processor.py:154} INFO - Started process (PID=2962) to work on /opt/airflow/dags/elastic_dag.py
[2024-03-30T23:54:48.659+0000] {processor.py:756} INFO - Processing file /opt/airflow/dags/elastic_dag.py for tasks to queue
[2024-03-30T23:54:48.660+0000] {logging_mixin.py:120} INFO - [2024-03-30T23:54:48.660+0000] {dagbag.py:537} INFO - Filling up the DagBag from /opt/airflow/dags/elastic_dag.py
[2024-03-30T23:54:48.766+0000] {processor.py:766} INFO - DAG(s) dict_keys(['elastic_dag']) retrieved from /opt/airflow/dags/elastic_dag.py
[2024-03-30T23:54:48.784+0000] {logging_mixin.py:120} INFO - [2024-03-30T23:54:48.784+0000] {dag.py:2585} INFO - Sync 1 DAGs
[2024-03-30T23:54:48.796+0000] {logging_mixin.py:120} INFO - [2024-03-30T23:54:48.795+0000] {dag.py:3340} INFO - Setting next_dagrun for elastic_dag to 2024-03-29T00:00:00+00:00, run_after=2024-03-30T00:00:00+00:00
[2024-03-30T23:54:48.803+0000] {processor.py:176} INFO - Processing /opt/airflow/dags/elastic_dag.py took 0.146 seconds
[2024-03-30T23:55:19.153+0000] {processor.py:154} INFO - Started process (PID=3000) to work on /opt/airflow/dags/elastic_dag.py
[2024-03-30T23:55:19.154+0000] {processor.py:756} INFO - Processing file /opt/airflow/dags/elastic_dag.py for tasks to queue
[2024-03-30T23:55:19.155+0000] {logging_mixin.py:120} INFO - [2024-03-30T23:55:19.155+0000] {dagbag.py:537} INFO - Filling up the DagBag from /opt/airflow/dags/elastic_dag.py
[2024-03-30T23:55:19.300+0000] {processor.py:766} INFO - DAG(s) dict_keys(['elastic_dag']) retrieved from /opt/airflow/dags/elastic_dag.py
[2024-03-30T23:55:19.331+0000] {logging_mixin.py:120} INFO - [2024-03-30T23:55:19.331+0000] {dag.py:2585} INFO - Sync 1 DAGs
[2024-03-30T23:55:19.345+0000] {logging_mixin.py:120} INFO - [2024-03-30T23:55:19.345+0000] {dag.py:3340} INFO - Setting next_dagrun for elastic_dag to 2024-03-29T00:00:00+00:00, run_after=2024-03-30T00:00:00+00:00
[2024-03-30T23:55:19.355+0000] {processor.py:176} INFO - Processing /opt/airflow/dags/elastic_dag.py took 0.206 seconds
[2024-03-30T23:55:49.610+0000] {processor.py:154} INFO - Started process (PID=3037) to work on /opt/airflow/dags/elastic_dag.py
[2024-03-30T23:55:49.611+0000] {processor.py:756} INFO - Processing file /opt/airflow/dags/elastic_dag.py for tasks to queue
[2024-03-30T23:55:49.612+0000] {logging_mixin.py:120} INFO - [2024-03-30T23:55:49.612+0000] {dagbag.py:537} INFO - Filling up the DagBag from /opt/airflow/dags/elastic_dag.py
[2024-03-30T23:55:49.751+0000] {processor.py:766} INFO - DAG(s) dict_keys(['elastic_dag']) retrieved from /opt/airflow/dags/elastic_dag.py
[2024-03-30T23:55:49.767+0000] {logging_mixin.py:120} INFO - [2024-03-30T23:55:49.767+0000] {dag.py:2585} INFO - Sync 1 DAGs
[2024-03-30T23:55:49.778+0000] {logging_mixin.py:120} INFO - [2024-03-30T23:55:49.778+0000] {dag.py:3340} INFO - Setting next_dagrun for elastic_dag to 2024-03-29T00:00:00+00:00, run_after=2024-03-30T00:00:00+00:00
[2024-03-30T23:55:49.861+0000] {processor.py:176} INFO - Processing /opt/airflow/dags/elastic_dag.py took 0.256 seconds
[2024-03-30T23:56:20.180+0000] {processor.py:154} INFO - Started process (PID=3075) to work on /opt/airflow/dags/elastic_dag.py
[2024-03-30T23:56:20.181+0000] {processor.py:756} INFO - Processing file /opt/airflow/dags/elastic_dag.py for tasks to queue
[2024-03-30T23:56:20.181+0000] {logging_mixin.py:120} INFO - [2024-03-30T23:56:20.181+0000] {dagbag.py:537} INFO - Filling up the DagBag from /opt/airflow/dags/elastic_dag.py
[2024-03-30T23:56:20.415+0000] {processor.py:766} INFO - DAG(s) dict_keys(['elastic_dag']) retrieved from /opt/airflow/dags/elastic_dag.py
[2024-03-30T23:56:20.464+0000] {logging_mixin.py:120} INFO - [2024-03-30T23:56:20.463+0000] {dag.py:2585} INFO - Sync 1 DAGs
[2024-03-30T23:56:20.497+0000] {logging_mixin.py:120} INFO - [2024-03-30T23:56:20.497+0000] {dag.py:3340} INFO - Setting next_dagrun for elastic_dag to 2024-03-29T00:00:00+00:00, run_after=2024-03-30T00:00:00+00:00
[2024-03-30T23:56:20.507+0000] {processor.py:176} INFO - Processing /opt/airflow/dags/elastic_dag.py took 0.331 seconds
[2024-03-30T23:56:50.638+0000] {processor.py:154} INFO - Started process (PID=3102) to work on /opt/airflow/dags/elastic_dag.py
[2024-03-30T23:56:50.639+0000] {processor.py:756} INFO - Processing file /opt/airflow/dags/elastic_dag.py for tasks to queue
[2024-03-30T23:56:50.640+0000] {logging_mixin.py:120} INFO - [2024-03-30T23:56:50.640+0000] {dagbag.py:537} INFO - Filling up the DagBag from /opt/airflow/dags/elastic_dag.py
[2024-03-30T23:56:50.795+0000] {processor.py:766} INFO - DAG(s) dict_keys(['elastic_dag']) retrieved from /opt/airflow/dags/elastic_dag.py
[2024-03-30T23:56:50.820+0000] {logging_mixin.py:120} INFO - [2024-03-30T23:56:50.819+0000] {dag.py:2585} INFO - Sync 1 DAGs
[2024-03-30T23:56:50.835+0000] {logging_mixin.py:120} INFO - [2024-03-30T23:56:50.835+0000] {dag.py:3340} INFO - Setting next_dagrun for elastic_dag to 2024-03-29T00:00:00+00:00, run_after=2024-03-30T00:00:00+00:00
[2024-03-30T23:56:50.844+0000] {processor.py:176} INFO - Processing /opt/airflow/dags/elastic_dag.py took 0.210 seconds
[2024-03-30T23:57:21.286+0000] {processor.py:154} INFO - Started process (PID=3140) to work on /opt/airflow/dags/elastic_dag.py
[2024-03-30T23:57:21.289+0000] {processor.py:756} INFO - Processing file /opt/airflow/dags/elastic_dag.py for tasks to queue
[2024-03-30T23:57:21.289+0000] {logging_mixin.py:120} INFO - [2024-03-30T23:57:21.289+0000] {dagbag.py:537} INFO - Filling up the DagBag from /opt/airflow/dags/elastic_dag.py
[2024-03-30T23:57:21.446+0000] {processor.py:766} INFO - DAG(s) dict_keys(['elastic_dag']) retrieved from /opt/airflow/dags/elastic_dag.py
[2024-03-30T23:57:21.469+0000] {logging_mixin.py:120} INFO - [2024-03-30T23:57:21.469+0000] {dag.py:2585} INFO - Sync 1 DAGs
[2024-03-30T23:57:21.485+0000] {logging_mixin.py:120} INFO - [2024-03-30T23:57:21.485+0000] {dag.py:3340} INFO - Setting next_dagrun for elastic_dag to 2024-03-29T00:00:00+00:00, run_after=2024-03-30T00:00:00+00:00
[2024-03-30T23:57:21.495+0000] {processor.py:176} INFO - Processing /opt/airflow/dags/elastic_dag.py took 0.212 seconds
[2024-03-30T23:57:51.778+0000] {processor.py:154} INFO - Started process (PID=3178) to work on /opt/airflow/dags/elastic_dag.py
[2024-03-30T23:57:51.780+0000] {processor.py:756} INFO - Processing file /opt/airflow/dags/elastic_dag.py for tasks to queue
[2024-03-30T23:57:51.781+0000] {logging_mixin.py:120} INFO - [2024-03-30T23:57:51.781+0000] {dagbag.py:537} INFO - Filling up the DagBag from /opt/airflow/dags/elastic_dag.py
[2024-03-30T23:57:51.962+0000] {processor.py:766} INFO - DAG(s) dict_keys(['elastic_dag']) retrieved from /opt/airflow/dags/elastic_dag.py
[2024-03-30T23:57:51.980+0000] {logging_mixin.py:120} INFO - [2024-03-30T23:57:51.980+0000] {dag.py:2585} INFO - Sync 1 DAGs
[2024-03-30T23:57:51.991+0000] {logging_mixin.py:120} INFO - [2024-03-30T23:57:51.991+0000] {dag.py:3340} INFO - Setting next_dagrun for elastic_dag to 2024-03-29T00:00:00+00:00, run_after=2024-03-30T00:00:00+00:00
[2024-03-30T23:57:51.998+0000] {processor.py:176} INFO - Processing /opt/airflow/dags/elastic_dag.py took 0.227 seconds
[2024-03-30T23:58:22.412+0000] {processor.py:154} INFO - Started process (PID=3215) to work on /opt/airflow/dags/elastic_dag.py
[2024-03-30T23:58:22.414+0000] {processor.py:756} INFO - Processing file /opt/airflow/dags/elastic_dag.py for tasks to queue
[2024-03-30T23:58:22.416+0000] {logging_mixin.py:120} INFO - [2024-03-30T23:58:22.415+0000] {dagbag.py:537} INFO - Filling up the DagBag from /opt/airflow/dags/elastic_dag.py
[2024-03-30T23:58:22.658+0000] {processor.py:766} INFO - DAG(s) dict_keys(['elastic_dag']) retrieved from /opt/airflow/dags/elastic_dag.py
[2024-03-30T23:58:22.705+0000] {logging_mixin.py:120} INFO - [2024-03-30T23:58:22.704+0000] {dag.py:2585} INFO - Sync 1 DAGs
[2024-03-30T23:58:22.724+0000] {logging_mixin.py:120} INFO - [2024-03-30T23:58:22.724+0000] {dag.py:3340} INFO - Setting next_dagrun for elastic_dag to 2024-03-29T00:00:00+00:00, run_after=2024-03-30T00:00:00+00:00
[2024-03-30T23:58:22.917+0000] {processor.py:176} INFO - Processing /opt/airflow/dags/elastic_dag.py took 0.511 seconds
[2024-03-30T23:58:52.975+0000] {processor.py:154} INFO - Started process (PID=3253) to work on /opt/airflow/dags/elastic_dag.py
[2024-03-30T23:58:52.977+0000] {processor.py:756} INFO - Processing file /opt/airflow/dags/elastic_dag.py for tasks to queue
[2024-03-30T23:58:52.977+0000] {logging_mixin.py:120} INFO - [2024-03-30T23:58:52.977+0000] {dagbag.py:537} INFO - Filling up the DagBag from /opt/airflow/dags/elastic_dag.py
[2024-03-30T23:58:53.127+0000] {processor.py:766} INFO - DAG(s) dict_keys(['elastic_dag']) retrieved from /opt/airflow/dags/elastic_dag.py
[2024-03-30T23:58:53.150+0000] {logging_mixin.py:120} INFO - [2024-03-30T23:58:53.150+0000] {dag.py:2585} INFO - Sync 1 DAGs
[2024-03-30T23:58:53.300+0000] {logging_mixin.py:120} INFO - [2024-03-30T23:58:53.299+0000] {dag.py:3340} INFO - Setting next_dagrun for elastic_dag to 2024-03-29T00:00:00+00:00, run_after=2024-03-30T00:00:00+00:00
[2024-03-30T23:58:53.307+0000] {processor.py:176} INFO - Processing /opt/airflow/dags/elastic_dag.py took 0.336 seconds
[2024-03-30T23:59:23.534+0000] {processor.py:154} INFO - Started process (PID=3291) to work on /opt/airflow/dags/elastic_dag.py
[2024-03-30T23:59:23.535+0000] {processor.py:756} INFO - Processing file /opt/airflow/dags/elastic_dag.py for tasks to queue
[2024-03-30T23:59:23.536+0000] {logging_mixin.py:120} INFO - [2024-03-30T23:59:23.536+0000] {dagbag.py:537} INFO - Filling up the DagBag from /opt/airflow/dags/elastic_dag.py
[2024-03-30T23:59:23.681+0000] {processor.py:766} INFO - DAG(s) dict_keys(['elastic_dag']) retrieved from /opt/airflow/dags/elastic_dag.py
[2024-03-30T23:59:23.708+0000] {logging_mixin.py:120} INFO - [2024-03-30T23:59:23.708+0000] {dag.py:2585} INFO - Sync 1 DAGs
[2024-03-30T23:59:23.726+0000] {logging_mixin.py:120} INFO - [2024-03-30T23:59:23.726+0000] {dag.py:3340} INFO - Setting next_dagrun for elastic_dag to 2024-03-29T00:00:00+00:00, run_after=2024-03-30T00:00:00+00:00
[2024-03-30T23:59:23.746+0000] {processor.py:176} INFO - Processing /opt/airflow/dags/elastic_dag.py took 0.216 seconds
[2024-03-30T23:59:54.192+0000] {processor.py:154} INFO - Started process (PID=3320) to work on /opt/airflow/dags/elastic_dag.py
[2024-03-30T23:59:54.194+0000] {processor.py:756} INFO - Processing file /opt/airflow/dags/elastic_dag.py for tasks to queue
[2024-03-30T23:59:54.195+0000] {logging_mixin.py:120} INFO - [2024-03-30T23:59:54.195+0000] {dagbag.py:537} INFO - Filling up the DagBag from /opt/airflow/dags/elastic_dag.py
[2024-03-30T23:59:54.335+0000] {processor.py:766} INFO - DAG(s) dict_keys(['elastic_dag']) retrieved from /opt/airflow/dags/elastic_dag.py
[2024-03-30T23:59:54.352+0000] {logging_mixin.py:120} INFO - [2024-03-30T23:59:54.352+0000] {dag.py:2585} INFO - Sync 1 DAGs
[2024-03-30T23:59:54.364+0000] {logging_mixin.py:120} INFO - [2024-03-30T23:59:54.364+0000] {dag.py:3340} INFO - Setting next_dagrun for elastic_dag to 2024-03-29T00:00:00+00:00, run_after=2024-03-30T00:00:00+00:00
[2024-03-30T23:59:54.371+0000] {processor.py:176} INFO - Processing /opt/airflow/dags/elastic_dag.py took 0.184 seconds
