[2024-03-29T00:00:02.875+0000] {taskinstance.py:1165} INFO - Dependencies all met for <TaskInstance: user_processing.extract_user scheduled__2024-03-28T00:00:00+00:00 [queued]>
[2024-03-29T00:00:02.879+0000] {taskinstance.py:1165} INFO - Dependencies all met for <TaskInstance: user_processing.extract_user scheduled__2024-03-28T00:00:00+00:00 [queued]>
[2024-03-29T00:00:02.880+0000] {taskinstance.py:1362} INFO - 
--------------------------------------------------------------------------------
[2024-03-29T00:00:02.880+0000] {taskinstance.py:1363} INFO - Starting attempt 1 of 1
[2024-03-29T00:00:02.880+0000] {taskinstance.py:1364} INFO - 
--------------------------------------------------------------------------------
[2024-03-29T00:00:02.886+0000] {taskinstance.py:1383} INFO - Executing <Task(SimpleHttpOperator): extract_user> on 2024-03-28 00:00:00+00:00
[2024-03-29T00:00:02.890+0000] {standard_task_runner.py:55} INFO - Started process 18645 to run task
[2024-03-29T00:00:02.892+0000] {standard_task_runner.py:82} INFO - Running: ['***', 'tasks', 'run', 'user_processing', 'extract_user', 'scheduled__2024-03-28T00:00:00+00:00', '--job-id', '68', '--raw', '--subdir', 'DAGS_FOLDER/user_processing.py', '--cfg-path', '/tmp/tmpnljxql_8']
[2024-03-29T00:00:02.893+0000] {standard_task_runner.py:83} INFO - Job 68: Subtask extract_user
[2024-03-29T00:00:02.922+0000] {task_command.py:376} INFO - Running <TaskInstance: user_processing.extract_user scheduled__2024-03-28T00:00:00+00:00 [running]> on host 2be32c994b3e
[2024-03-29T00:00:02.953+0000] {taskinstance.py:1592} INFO - Exporting the following env vars:
AIRFLOW_CTX_DAG_OWNER=***
AIRFLOW_CTX_DAG_ID=user_processing
AIRFLOW_CTX_TASK_ID=extract_user
AIRFLOW_CTX_EXECUTION_DATE=2024-03-28T00:00:00+00:00
AIRFLOW_CTX_TRY_NUMBER=1
AIRFLOW_CTX_DAG_RUN_ID=scheduled__2024-03-28T00:00:00+00:00
[2024-03-29T00:00:02.954+0000] {http.py:121} INFO - Calling HTTP method
[2024-03-29T00:00:02.958+0000] {base.py:71} INFO - Using connection ID 'user_api' for task execution.
[2024-03-29T00:00:02.959+0000] {http.py:148} INFO - Sending 'GET' to url: https://randomuser.me/api/
[2024-03-29T00:00:03.708+0000] {http.py:125} INFO - {"results":[{"gender":"male","name":{"title":"Mr","first":"Patrick","last":"Garza"},"location":{"street":{"number":6213,"name":"Royal Ln"},"city":"Roseburg","state":"Rhode Island","country":"United States","postcode":83673,"coordinates":{"latitude":"85.2887","longitude":"-79.4620"},"timezone":{"offset":"+4:00","description":"Abu Dhabi, Muscat, Baku, Tbilisi"}},"email":"patrick.garza@example.com","login":{"uuid":"b499bccd-3619-4584-b9a2-ac2ca2bd61dc","username":"reddog669","password":"magical","salt":"myeLvHsT","md5":"303dd47fe5d32e0b676b478804f28f24","sha1":"11900aa5ae296ffcbe550a9ab3cccbeaebe034d3","sha256":"2ac2030d8e6dbf091c4957f368b6bc430742d34f8be771bceab5428ff3b84ccd"},"dob":{"date":"1988-08-05T07:58:44.080Z","age":35},"registered":{"date":"2005-09-09T10:52:50.237Z","age":18},"phone":"(717) 841-8753","cell":"(389) 315-5585","id":{"name":"SSN","value":"077-54-8921"},"picture":{"large":"https://randomuser.me/api/portraits/men/76.jpg","medium":"https://randomuser.me/api/portraits/med/men/76.jpg","thumbnail":"https://randomuser.me/api/portraits/thumb/men/76.jpg"},"nat":"US"}],"info":{"seed":"c84d7e93feb18a6c","results":1,"page":1,"version":"1.4"}}
[2024-03-29T00:00:03.729+0000] {taskinstance.py:1406} INFO - Marking task as SUCCESS. dag_id=user_processing, task_id=extract_user, execution_date=20240328T000000, start_date=20240329T000002, end_date=20240329T000003
[2024-03-29T00:00:03.767+0000] {local_task_job.py:164} INFO - Task exited with return code 0
[2024-03-29T00:00:03.833+0000] {local_task_job.py:273} INFO - 0 downstream tasks scheduled from follow-on schedule check
