[2024-03-30T21:57:39.953+0000] {taskinstance.py:1165} INFO - Dependencies all met for <TaskInstance: group_dag.download_c scheduled__2024-03-29T00:00:00+00:00 [queued]>
[2024-03-30T21:57:39.960+0000] {taskinstance.py:1165} INFO - Dependencies all met for <TaskInstance: group_dag.download_c scheduled__2024-03-29T00:00:00+00:00 [queued]>
[2024-03-30T21:57:39.960+0000] {taskinstance.py:1362} INFO - 
--------------------------------------------------------------------------------
[2024-03-30T21:57:39.960+0000] {taskinstance.py:1363} INFO - Starting attempt 1 of 1
[2024-03-30T21:57:39.960+0000] {taskinstance.py:1364} INFO - 
--------------------------------------------------------------------------------
[2024-03-30T21:57:39.968+0000] {taskinstance.py:1383} INFO - Executing <Task(BashOperator): download_c> on 2024-03-29 00:00:00+00:00
[2024-03-30T21:57:39.970+0000] {standard_task_runner.py:55} INFO - Started process 1851 to run task
[2024-03-30T21:57:39.972+0000] {standard_task_runner.py:82} INFO - Running: ['***', 'tasks', 'run', 'group_dag', 'download_c', 'scheduled__2024-03-29T00:00:00+00:00', '--job-id', '91', '--raw', '--subdir', 'DAGS_FOLDER/group_dag.py', '--cfg-path', '/tmp/tmp93qdsah9']
[2024-03-30T21:57:39.972+0000] {standard_task_runner.py:83} INFO - Job 91: Subtask download_c
[2024-03-30T21:57:40.002+0000] {task_command.py:376} INFO - Running <TaskInstance: group_dag.download_c scheduled__2024-03-29T00:00:00+00:00 [running]> on host 7068bcfece46
[2024-03-30T21:57:40.037+0000] {taskinstance.py:1592} INFO - Exporting the following env vars:
AIRFLOW_CTX_DAG_OWNER=***
AIRFLOW_CTX_DAG_ID=group_dag
AIRFLOW_CTX_TASK_ID=download_c
AIRFLOW_CTX_EXECUTION_DATE=2024-03-29T00:00:00+00:00
AIRFLOW_CTX_TRY_NUMBER=1
AIRFLOW_CTX_DAG_RUN_ID=scheduled__2024-03-29T00:00:00+00:00
[2024-03-30T21:57:40.038+0000] {subprocess.py:63} INFO - Tmp dir root location: 
 /tmp
[2024-03-30T21:57:40.039+0000] {subprocess.py:75} INFO - Running command: ['/bin/bash', '-c', 'sleep 10']
[2024-03-30T21:57:40.045+0000] {subprocess.py:86} INFO - Output:
[2024-03-30T21:57:50.122+0000] {subprocess.py:97} INFO - Command exited with return code 0
[2024-03-30T21:57:50.872+0000] {taskinstance.py:1406} INFO - Marking task as SUCCESS. dag_id=group_dag, task_id=download_c, execution_date=20240329T000000, start_date=20240330T215739, end_date=20240330T215750
[2024-03-30T21:57:50.984+0000] {local_task_job.py:164} INFO - Task exited with return code 0
[2024-03-30T21:57:51.036+0000] {local_task_job.py:273} INFO - 0 downstream tasks scheduled from follow-on schedule check
