[2024-03-27T09:40:30.124+0000] {taskinstance.py:1165} INFO - Dependencies all met for <TaskInstance: user_processing.store_user manual__2024-03-27T09:40:24.988255+00:00 [queued]>
[2024-03-27T09:40:30.128+0000] {taskinstance.py:1165} INFO - Dependencies all met for <TaskInstance: user_processing.store_user manual__2024-03-27T09:40:24.988255+00:00 [queued]>
[2024-03-27T09:40:30.129+0000] {taskinstance.py:1362} INFO - 
--------------------------------------------------------------------------------
[2024-03-27T09:40:30.129+0000] {taskinstance.py:1363} INFO - Starting attempt 1 of 1
[2024-03-27T09:40:30.129+0000] {taskinstance.py:1364} INFO - 
--------------------------------------------------------------------------------
[2024-03-27T09:40:30.134+0000] {taskinstance.py:1383} INFO - Executing <Task(PythonOperator): store_user> on 2024-03-27 09:40:24.988255+00:00
[2024-03-27T09:40:30.136+0000] {standard_task_runner.py:55} INFO - Started process 5570 to run task
[2024-03-27T09:40:30.138+0000] {standard_task_runner.py:82} INFO - Running: ['***', 'tasks', 'run', 'user_processing', 'store_user', 'manual__2024-03-27T09:40:24.988255+00:00', '--job-id', '60', '--raw', '--subdir', 'DAGS_FOLDER/user_processing.py', '--cfg-path', '/tmp/tmpytwzcqg2']
[2024-03-27T09:40:30.139+0000] {standard_task_runner.py:83} INFO - Job 60: Subtask store_user
[2024-03-27T09:40:30.164+0000] {task_command.py:376} INFO - Running <TaskInstance: user_processing.store_user manual__2024-03-27T09:40:24.988255+00:00 [running]> on host 2be32c994b3e
[2024-03-27T09:40:30.191+0000] {taskinstance.py:1592} INFO - Exporting the following env vars:
AIRFLOW_CTX_DAG_OWNER=***
AIRFLOW_CTX_DAG_ID=user_processing
AIRFLOW_CTX_TASK_ID=store_user
AIRFLOW_CTX_EXECUTION_DATE=2024-03-27T09:40:24.988255+00:00
AIRFLOW_CTX_TRY_NUMBER=1
AIRFLOW_CTX_DAG_RUN_ID=manual__2024-03-27T09:40:24.988255+00:00
[2024-03-27T09:40:30.191+0000] {postgres.py:129} INFO - Running copy expert: COPY users FROM stdin WITH DELIMITER as ',', filename: /tmp/processed_user.csv
[2024-03-27T09:40:30.194+0000] {base.py:71} INFO - Using connection ID 'postgres' for task execution.
[2024-03-27T09:40:30.196+0000] {python.py:177} INFO - Done. Returned value was: None
[2024-03-27T09:40:30.200+0000] {taskinstance.py:1406} INFO - Marking task as SUCCESS. dag_id=user_processing, task_id=store_user, execution_date=20240327T094024, start_date=20240327T094030, end_date=20240327T094030
[2024-03-27T09:40:30.237+0000] {local_task_job.py:164} INFO - Task exited with return code 0
[2024-03-27T09:40:30.245+0000] {local_task_job.py:273} INFO - 0 downstream tasks scheduled from follow-on schedule check
