[2024-03-27T09:03:20.942+0000] {taskinstance.py:1165} INFO - Dependencies all met for <TaskInstance: user_processing.process_user manual__2024-03-27T09:03:17.871224+00:00 [queued]>
[2024-03-27T09:03:20.946+0000] {taskinstance.py:1165} INFO - Dependencies all met for <TaskInstance: user_processing.process_user manual__2024-03-27T09:03:17.871224+00:00 [queued]>
[2024-03-27T09:03:20.946+0000] {taskinstance.py:1362} INFO - 
--------------------------------------------------------------------------------
[2024-03-27T09:03:20.946+0000] {taskinstance.py:1363} INFO - Starting attempt 1 of 1
[2024-03-27T09:03:20.946+0000] {taskinstance.py:1364} INFO - 
--------------------------------------------------------------------------------
[2024-03-27T09:03:20.951+0000] {taskinstance.py:1383} INFO - Executing <Task(PythonOperator): process_user> on 2024-03-27 09:03:17.871224+00:00
[2024-03-27T09:03:20.953+0000] {standard_task_runner.py:55} INFO - Started process 3690 to run task
[2024-03-27T09:03:20.955+0000] {standard_task_runner.py:82} INFO - Running: ['***', 'tasks', 'run', 'user_processing', 'process_user', 'manual__2024-03-27T09:03:17.871224+00:00', '--job-id', '54', '--raw', '--subdir', 'DAGS_FOLDER/user_processing.py', '--cfg-path', '/tmp/tmpaj2tjkng']
[2024-03-27T09:03:20.956+0000] {standard_task_runner.py:83} INFO - Job 54: Subtask process_user
[2024-03-27T09:03:20.980+0000] {task_command.py:376} INFO - Running <TaskInstance: user_processing.process_user manual__2024-03-27T09:03:17.871224+00:00 [running]> on host 2be32c994b3e
[2024-03-27T09:03:21.005+0000] {taskinstance.py:1592} INFO - Exporting the following env vars:
AIRFLOW_CTX_DAG_OWNER=***
AIRFLOW_CTX_DAG_ID=user_processing
AIRFLOW_CTX_TASK_ID=process_user
AIRFLOW_CTX_EXECUTION_DATE=2024-03-27T09:03:17.871224+00:00
AIRFLOW_CTX_TRY_NUMBER=1
AIRFLOW_CTX_DAG_RUN_ID=manual__2024-03-27T09:03:17.871224+00:00
[2024-03-27T09:03:21.012+0000] {python.py:177} INFO - Done. Returned value was: None
[2024-03-27T09:03:21.016+0000] {taskinstance.py:1406} INFO - Marking task as SUCCESS. dag_id=user_processing, task_id=process_user, execution_date=20240327T090317, start_date=20240327T090320, end_date=20240327T090321
[2024-03-27T09:03:21.057+0000] {local_task_job.py:164} INFO - Task exited with return code 0
[2024-03-27T09:03:21.069+0000] {local_task_job.py:273} INFO - 1 downstream tasks scheduled from follow-on schedule check
