[2024-03-30T21:57:42.385+0000] {taskinstance.py:1165} INFO - Dependencies all met for <TaskInstance: group_dag.download_a manual__2024-03-30T21:57:40.910833+00:00 [queued]>
[2024-03-30T21:57:42.394+0000] {taskinstance.py:1165} INFO - Dependencies all met for <TaskInstance: group_dag.download_a manual__2024-03-30T21:57:40.910833+00:00 [queued]>
[2024-03-30T21:57:42.394+0000] {taskinstance.py:1362} INFO - 
--------------------------------------------------------------------------------
[2024-03-30T21:57:42.395+0000] {taskinstance.py:1363} INFO - Starting attempt 1 of 1
[2024-03-30T21:57:42.395+0000] {taskinstance.py:1364} INFO - 
--------------------------------------------------------------------------------
[2024-03-30T21:57:42.405+0000] {taskinstance.py:1383} INFO - Executing <Task(BashOperator): download_a> on 2024-03-30 21:57:40.910833+00:00
[2024-03-30T21:57:42.410+0000] {standard_task_runner.py:55} INFO - Started process 1856 to run task
[2024-03-30T21:57:42.415+0000] {standard_task_runner.py:82} INFO - Running: ['***', 'tasks', 'run', 'group_dag', 'download_a', 'manual__2024-03-30T21:57:40.910833+00:00', '--job-id', '93', '--raw', '--subdir', 'DAGS_FOLDER/group_dag.py', '--cfg-path', '/tmp/tmpcq3sen9h']
[2024-03-30T21:57:42.415+0000] {standard_task_runner.py:83} INFO - Job 93: Subtask download_a
[2024-03-30T21:57:42.468+0000] {task_command.py:376} INFO - Running <TaskInstance: group_dag.download_a manual__2024-03-30T21:57:40.910833+00:00 [running]> on host 7068bcfece46
[2024-03-30T21:57:42.519+0000] {taskinstance.py:1592} INFO - Exporting the following env vars:
AIRFLOW_CTX_DAG_OWNER=***
AIRFLOW_CTX_DAG_ID=group_dag
AIRFLOW_CTX_TASK_ID=download_a
AIRFLOW_CTX_EXECUTION_DATE=2024-03-30T21:57:40.910833+00:00
AIRFLOW_CTX_TRY_NUMBER=1
AIRFLOW_CTX_DAG_RUN_ID=manual__2024-03-30T21:57:40.910833+00:00
[2024-03-30T21:57:42.524+0000] {subprocess.py:63} INFO - Tmp dir root location: 
 /tmp
[2024-03-30T21:57:42.524+0000] {subprocess.py:75} INFO - Running command: ['/bin/bash', '-c', 'sleep 10']
[2024-03-30T21:57:42.537+0000] {subprocess.py:86} INFO - Output:
[2024-03-30T21:57:52.552+0000] {subprocess.py:97} INFO - Command exited with return code 0
[2024-03-30T21:57:52.622+0000] {taskinstance.py:1406} INFO - Marking task as SUCCESS. dag_id=group_dag, task_id=download_a, execution_date=20240330T215740, start_date=20240330T215742, end_date=20240330T215752
[2024-03-30T21:57:52.664+0000] {local_task_job.py:164} INFO - Task exited with return code 0
[2024-03-30T21:57:52.710+0000] {local_task_job.py:273} INFO - 0 downstream tasks scheduled from follow-on schedule check
