[2024-03-30T21:57:39.373+0000] {taskinstance.py:1165} INFO - Dependencies all met for <TaskInstance: group_dag.download_a scheduled__2024-03-29T00:00:00+00:00 [queued]>
[2024-03-30T21:57:39.379+0000] {taskinstance.py:1165} INFO - Dependencies all met for <TaskInstance: group_dag.download_a scheduled__2024-03-29T00:00:00+00:00 [queued]>
[2024-03-30T21:57:39.379+0000] {taskinstance.py:1362} INFO - 
--------------------------------------------------------------------------------
[2024-03-30T21:57:39.379+0000] {taskinstance.py:1363} INFO - Starting attempt 1 of 1
[2024-03-30T21:57:39.380+0000] {taskinstance.py:1364} INFO - 
--------------------------------------------------------------------------------
[2024-03-30T21:57:39.386+0000] {taskinstance.py:1383} INFO - Executing <Task(BashOperator): download_a> on 2024-03-29 00:00:00+00:00
[2024-03-30T21:57:39.389+0000] {standard_task_runner.py:55} INFO - Started process 1846 to run task
[2024-03-30T21:57:39.392+0000] {standard_task_runner.py:82} INFO - Running: ['***', 'tasks', 'run', 'group_dag', 'download_a', 'scheduled__2024-03-29T00:00:00+00:00', '--job-id', '90', '--raw', '--subdir', 'DAGS_FOLDER/group_dag.py', '--cfg-path', '/tmp/tmp0tyq0l36']
[2024-03-30T21:57:39.394+0000] {standard_task_runner.py:83} INFO - Job 90: Subtask download_a
[2024-03-30T21:57:39.423+0000] {task_command.py:376} INFO - Running <TaskInstance: group_dag.download_a scheduled__2024-03-29T00:00:00+00:00 [running]> on host 7068bcfece46
[2024-03-30T21:57:39.468+0000] {taskinstance.py:1592} INFO - Exporting the following env vars:
AIRFLOW_CTX_DAG_OWNER=***
AIRFLOW_CTX_DAG_ID=group_dag
AIRFLOW_CTX_TASK_ID=download_a
AIRFLOW_CTX_EXECUTION_DATE=2024-03-29T00:00:00+00:00
AIRFLOW_CTX_TRY_NUMBER=1
AIRFLOW_CTX_DAG_RUN_ID=scheduled__2024-03-29T00:00:00+00:00
[2024-03-30T21:57:39.472+0000] {subprocess.py:63} INFO - Tmp dir root location: 
 /tmp
[2024-03-30T21:57:39.472+0000] {subprocess.py:75} INFO - Running command: ['/bin/bash', '-c', 'sleep 10']
[2024-03-30T21:57:39.480+0000] {subprocess.py:86} INFO - Output:
[2024-03-30T21:57:49.517+0000] {subprocess.py:97} INFO - Command exited with return code 0
[2024-03-30T21:57:50.844+0000] {taskinstance.py:1406} INFO - Marking task as SUCCESS. dag_id=group_dag, task_id=download_a, execution_date=20240329T000000, start_date=20240330T215739, end_date=20240330T215750
[2024-03-30T21:57:50.888+0000] {local_task_job.py:164} INFO - Task exited with return code 0
[2024-03-30T21:57:50.961+0000] {local_task_job.py:273} INFO - 1 downstream tasks scheduled from follow-on schedule check
